<?xml version="1.0" ?>
<!DOCTYPE coverage
  SYSTEM 'http://cobertura.sourceforge.net/xml/coverage-03.dtd'>
<coverage branch-rate="0.47873392680514343" line-rate="0.9069767441860465" timestamp="1490558479" version="gcovr 3.3">
<sources>
<source>/vagrant</source>
</sources>
<packages>
<package branch-rate="0.4883245767659078" complexity="0.0" line-rate="0.9967191601049868" name="">
<classes>
<class branch-rate="0.5" complexity="0.0" filename="canvas_widget.cpp" line-rate="1.0" name="canvas_widget_cpp">
<methods/>
<lines>
<line branch="true" condition-coverage="50% (1/2)" hits="48" number="6">
<conditions>
<condition coverage="50%" number="0" type="jump"/>
</conditions>
</line>
<line branch="true" condition-coverage="50% (2/4)" hits="48" number="9">
<conditions>
<condition coverage="50%" number="0" type="jump"/>
</conditions>
</line>
<line branch="true" condition-coverage="50% (2/4)" hits="48" number="12">
<conditions>
<condition coverage="50%" number="0" type="jump"/>
</conditions>
</line>
<line branch="true" condition-coverage="50% (1/2)" hits="48" number="13">
<conditions>
<condition coverage="50%" number="0" type="jump"/>
</conditions>
</line>
<line branch="true" condition-coverage="50% (2/4)" hits="48" number="14">
<conditions>
<condition coverage="50%" number="0" type="jump"/>
</conditions>
</line>
<line branch="true" condition-coverage="50% (1/2)" hits="48" number="15">
<conditions>
<condition coverage="50%" number="0" type="jump"/>
</conditions>
</line>
<line branch="true" condition-coverage="50% (1/2)" hits="48" number="16">
<conditions>
<condition coverage="50%" number="0" type="jump"/>
</conditions>
</line>
<line branch="false" hits="48" number="17"/>
<line branch="false" hits="83" number="19"/>
<line branch="false" hits="83" number="21"/>
<line branch="true" condition-coverage="50% (1/2)" hits="83" number="22">
<conditions>
<condition coverage="50%" number="0" type="jump"/>
</conditions>
</line>
<line branch="false" hits="83" number="24"/>
</lines>
</class>
<class branch-rate="0.5" complexity="0.0" filename="canvas_widget.hpp" line-rate="1.0" name="canvas_widget_hpp">
<methods/>
<lines>
<line branch="true" condition-coverage="50% (1/2)" hits="96" number="7">
<conditions>
<condition coverage="50%" number="0" type="jump"/>
</conditions>
</line>
</lines>
</class>
<class branch-rate="0.6632653061224489" complexity="0.0" filename="environment.cpp" line-rate="1.0" name="environment_cpp">
<methods/>
<lines>
<line branch="false" hits="3291" number="3"/>
<line branch="true" condition-coverage="50% (2/4)" hits="3291" number="5">
<conditions>
<condition coverage="50%" number="0" type="jump"/>
</conditions>
</line>
<line branch="false" hits="3291" number="6"/>
<line branch="false" hits="1122" number="9"/>
<line branch="true" condition-coverage="100% (2/2)" hits="1122" number="11">
<conditions>
<condition coverage="100%" number="0" type="jump"/>
</conditions>
</line>
<line branch="true" condition-coverage="50% (1/2)" hits="324" number="13">
<conditions>
<condition coverage="50%" number="0" type="jump"/>
</conditions>
</line>
<line branch="true" condition-coverage="100% (2/2)" hits="360" number="14">
<conditions>
<condition coverage="100%" number="0" type="jump"/>
</conditions>
</line>
<line branch="true" condition-coverage="100% (2/2)" hits="798" number="16">
<conditions>
<condition coverage="100%" number="0" type="jump"/>
</conditions>
</line>
<line branch="true" condition-coverage="50% (1/2)" hits="302" number="18">
<conditions>
<condition coverage="50%" number="0" type="jump"/>
</conditions>
</line>
<line branch="true" condition-coverage="100% (2/2)" hits="428" number="19">
<conditions>
<condition coverage="100%" number="0" type="jump"/>
</conditions>
</line>
<line branch="true" condition-coverage="100% (2/2)" hits="496" number="21">
<conditions>
<condition coverage="100%" number="0" type="jump"/>
</conditions>
</line>
<line branch="true" condition-coverage="50% (1/2)" hits="160" number="23">
<conditions>
<condition coverage="50%" number="0" type="jump"/>
</conditions>
</line>
<line branch="true" condition-coverage="100% (2/2)" hits="214" number="24">
<conditions>
<condition coverage="100%" number="0" type="jump"/>
</conditions>
</line>
<line branch="true" condition-coverage="100% (2/2)" hits="336" number="26">
<conditions>
<condition coverage="100%" number="0" type="jump"/>
</conditions>
</line>
<line branch="true" condition-coverage="50% (1/2)" hits="72" number="28">
<conditions>
<condition coverage="50%" number="0" type="jump"/>
</conditions>
</line>
<line branch="true" condition-coverage="100% (2/2)" hits="108" number="29">
<conditions>
<condition coverage="100%" number="0" type="jump"/>
</conditions>
</line>
<line branch="true" condition-coverage="100% (2/2)" hits="264" number="31">
<conditions>
<condition coverage="100%" number="0" type="jump"/>
</conditions>
</line>
<line branch="true" condition-coverage="50% (1/2)" hits="70" number="33">
<conditions>
<condition coverage="50%" number="0" type="jump"/>
</conditions>
</line>
<line branch="true" condition-coverage="100% (2/2)" hits="106" number="34">
<conditions>
<condition coverage="100%" number="0" type="jump"/>
</conditions>
</line>
<line branch="true" condition-coverage="100% (2/2)" hits="194" number="36">
<conditions>
<condition coverage="100%" number="0" type="jump"/>
</conditions>
</line>
<line branch="true" condition-coverage="50% (1/2)" hits="70" number="38">
<conditions>
<condition coverage="50%" number="0" type="jump"/>
</conditions>
</line>
<line branch="true" condition-coverage="100% (2/2)" hits="106" number="39">
<conditions>
<condition coverage="100%" number="0" type="jump"/>
</conditions>
</line>
<line branch="true" condition-coverage="50% (1/2)" hits="124" number="43">
<conditions>
<condition coverage="50%" number="0" type="jump"/>
</conditions>
</line>
<line branch="true" condition-coverage="100% (2/2)" hits="196" number="44">
<conditions>
<condition coverage="100%" number="0" type="jump"/>
</conditions>
</line>
<line branch="false" hits="864" number="48"/>
<line branch="true" condition-coverage="100% (2/2)" hits="864" number="50">
<conditions>
<condition coverage="100%" number="0" type="jump"/>
</conditions>
</line>
<line branch="true" condition-coverage="50% (1/2)" hits="180" number="52">
<conditions>
<condition coverage="50%" number="0" type="jump"/>
</conditions>
</line>
<line branch="true" condition-coverage="100% (2/2)" hits="234" number="53">
<conditions>
<condition coverage="100%" number="0" type="jump"/>
</conditions>
</line>
<line branch="true" condition-coverage="100% (2/2)" hits="684" number="55">
<conditions>
<condition coverage="100%" number="0" type="jump"/>
</conditions>
</line>
<line branch="true" condition-coverage="50% (1/2)" hits="180" number="57">
<conditions>
<condition coverage="50%" number="0" type="jump"/>
</conditions>
</line>
<line branch="true" condition-coverage="100% (2/2)" hits="234" number="58">
<conditions>
<condition coverage="100%" number="0" type="jump"/>
</conditions>
</line>
<line branch="true" condition-coverage="100% (2/2)" hits="504" number="60">
<conditions>
<condition coverage="100%" number="0" type="jump"/>
</conditions>
</line>
<line branch="true" condition-coverage="50% (1/2)" hits="108" number="62">
<conditions>
<condition coverage="50%" number="0" type="jump"/>
</conditions>
</line>
<line branch="true" condition-coverage="100% (2/2)" hits="162" number="63">
<conditions>
<condition coverage="100%" number="0" type="jump"/>
</conditions>
</line>
<line branch="true" condition-coverage="100% (2/2)" hits="396" number="65">
<conditions>
<condition coverage="100%" number="0" type="jump"/>
</conditions>
</line>
<line branch="true" condition-coverage="50% (1/2)" hits="126" number="67">
<conditions>
<condition coverage="50%" number="0" type="jump"/>
</conditions>
</line>
<line branch="true" condition-coverage="100% (2/2)" hits="162" number="68">
<conditions>
<condition coverage="100%" number="0" type="jump"/>
</conditions>
</line>
<line branch="true" condition-coverage="100% (2/2)" hits="270" number="70">
<conditions>
<condition coverage="100%" number="0" type="jump"/>
</conditions>
</line>
<line branch="true" condition-coverage="50% (1/2)" hits="72" number="72">
<conditions>
<condition coverage="50%" number="0" type="jump"/>
</conditions>
</line>
<line branch="true" condition-coverage="50% (1/2)" hits="72" number="73">
<conditions>
<condition coverage="50%" number="0" type="jump"/>
</conditions>
</line>
<line branch="true" condition-coverage="100% (2/2)" hits="198" number="75">
<conditions>
<condition coverage="100%" number="0" type="jump"/>
</conditions>
</line>
<line branch="true" condition-coverage="50% (1/2)" hits="36" number="77">
<conditions>
<condition coverage="50%" number="0" type="jump"/>
</conditions>
</line>
<line branch="true" condition-coverage="50% (1/2)" hits="36" number="78">
<conditions>
<condition coverage="50%" number="0" type="jump"/>
</conditions>
</line>
<line branch="true" condition-coverage="100% (2/2)" hits="162" number="80">
<conditions>
<condition coverage="100%" number="0" type="jump"/>
</conditions>
</line>
<line branch="true" condition-coverage="50% (1/2)" hits="72" number="82">
<conditions>
<condition coverage="50%" number="0" type="jump"/>
</conditions>
</line>
<line branch="true" condition-coverage="50% (1/2)" hits="72" number="83">
<conditions>
<condition coverage="50%" number="0" type="jump"/>
</conditions>
</line>
<line branch="true" condition-coverage="50% (1/2)" hits="90" number="87">
<conditions>
<condition coverage="50%" number="0" type="jump"/>
</conditions>
</line>
<line branch="true" condition-coverage="50% (1/2)" hits="90" number="88">
<conditions>
<condition coverage="50%" number="0" type="jump"/>
</conditions>
</line>
<line branch="false" hits="788" number="92"/>
<line branch="true" condition-coverage="100% (2/2)" hits="788" number="94">
<conditions>
<condition coverage="100%" number="0" type="jump"/>
</conditions>
</line>
<line branch="true" condition-coverage="50% (1/2)" hits="547" number="96">
<conditions>
<condition coverage="50%" number="0" type="jump"/>
</conditions>
</line>
<line branch="true" condition-coverage="100% (2/2)" hits="583" number="97">
<conditions>
<condition coverage="100%" number="0" type="jump"/>
</conditions>
</line>
<line branch="true" condition-coverage="100% (2/2)" hits="241" number="99">
<conditions>
<condition coverage="100%" number="0" type="jump"/>
</conditions>
</line>
<line branch="true" condition-coverage="50% (1/2)" hits="99" number="101">
<conditions>
<condition coverage="50%" number="0" type="jump"/>
</conditions>
</line>
<line branch="true" condition-coverage="100% (2/2)" hits="135" number="102">
<conditions>
<condition coverage="100%" number="0" type="jump"/>
</conditions>
</line>
<line branch="true" condition-coverage="50% (1/2)" hits="142" number="106">
<conditions>
<condition coverage="50%" number="0" type="jump"/>
</conditions>
</line>
<line branch="true" condition-coverage="100% (2/2)" hits="210" number="107">
<conditions>
<condition coverage="100%" number="0" type="jump"/>
</conditions>
</line>
<line branch="false" hits="147" number="111"/>
<line branch="true" condition-coverage="100% (2/2)" hits="147" number="113">
<conditions>
<condition coverage="100%" number="0" type="jump"/>
</conditions>
</line>
<line branch="true" condition-coverage="100% (2/2)" hits="258" number="115">
<conditions>
<condition coverage="100%" number="0" type="jump"/>
</conditions>
</line>
<line branch="true" condition-coverage="100% (8/8)" hits="147" number="117">
<conditions>
<condition coverage="100%" number="0" type="jump"/>
</conditions>
</line>
<line branch="false" hits="111" number="119"/>
<line branch="true" condition-coverage="100% (2/2)" hits="36" number="121">
<conditions>
<condition coverage="100%" number="0" type="jump"/>
</conditions>
</line>
<line branch="true" condition-coverage="50% (1/2)" hits="18" number="123">
<conditions>
<condition coverage="50%" number="0" type="jump"/>
</conditions>
</line>
<line branch="true" condition-coverage="50% (1/2)" hits="18" number="124">
<conditions>
<condition coverage="50%" number="0" type="jump"/>
</conditions>
</line>
<line branch="true" condition-coverage="50% (2/4)" hits="18" number="128">
<conditions>
<condition coverage="50%" number="0" type="jump"/>
</conditions>
</line>
<line branch="false" hits="18" number="129"/>
<line branch="true" condition-coverage="50% (2/4)" hits="18" number="136">
<conditions>
<condition coverage="50%" number="0" type="jump"/>
</conditions>
</line>
<line branch="false" hits="18" number="137"/>
<line branch="false" hits="111" number="139"/>
<line branch="false" hits="547" number="142"/>
<line branch="false" hits="1094" number="144"/>
<line branch="true" condition-coverage="100% (2/2)" hits="547" number="145">
<conditions>
<condition coverage="100%" number="0" type="jump"/>
</conditions>
</line>
<line branch="true" condition-coverage="100% (2/2)" hits="1551" number="148">
<conditions>
<condition coverage="100%" number="0" type="jump"/>
</conditions>
</line>
<line branch="true" condition-coverage="75% (3/4)" hits="1040" number="150">
<conditions>
<condition coverage="75%" number="0" type="jump"/>
</conditions>
</line>
<line branch="true" condition-coverage="50% (1/2)" hits="1004" number="152">
<conditions>
<condition coverage="50%" number="0" type="jump"/>
</conditions>
</line>
<line branch="true" condition-coverage="75% (3/4)" hits="36" number="154">
<conditions>
<condition coverage="75%" number="0" type="jump"/>
</conditions>
</line>
<line branch="true" condition-coverage="50% (2/4)" hits="18" number="156">
<conditions>
<condition coverage="50%" number="0" type="jump"/>
</conditions>
</line>
<line branch="true" condition-coverage="50% (2/4)" hits="18" number="157">
<conditions>
<condition coverage="50%" number="0" type="jump"/>
</conditions>
</line>
<line branch="true" condition-coverage="50% (2/4)" hits="18" number="161">
<conditions>
<condition coverage="50%" number="0" type="jump"/>
</conditions>
</line>
<line branch="false" hits="18" number="162"/>
<line branch="true" condition-coverage="50% (2/4)" hits="18" number="168">
<conditions>
<condition coverage="50%" number="0" type="jump"/>
</conditions>
</line>
<line branch="false" hits="18" number="169"/>
<line branch="true" condition-coverage="50% (1/2)" hits="1022" number="171">
<conditions>
<condition coverage="50%" number="0" type="jump"/>
</conditions>
</line>
<line branch="false" hits="99" number="174"/>
<line branch="false" hits="198" number="176"/>
<line branch="true" condition-coverage="100% (2/2)" hits="99" number="177">
<conditions>
<condition coverage="100%" number="0" type="jump"/>
</conditions>
</line>
<line branch="true" condition-coverage="50% (2/4)" hits="18" number="179">
<conditions>
<condition coverage="50%" number="0" type="jump"/>
</conditions>
</line>
<line branch="false" hits="18" number="180"/>
<line branch="true" condition-coverage="100% (2/2)" hits="207" number="182">
<conditions>
<condition coverage="100%" number="0" type="jump"/>
</conditions>
</line>
<line branch="true" condition-coverage="80% (8/10)" hits="144" number="184">
<conditions>
<condition coverage="80%" number="0" type="jump"/>
</conditions>
</line>
<line branch="true" condition-coverage="50% (2/4)" hits="18" number="186">
<conditions>
<condition coverage="50%" number="0" type="jump"/>
</conditions>
</line>
<line branch="false" hits="18" number="187"/>
<line branch="true" condition-coverage="75% (3/4)" hits="126" number="189">
<conditions>
<condition coverage="75%" number="0" type="jump"/>
</conditions>
</line>
<line branch="true" condition-coverage="50% (1/2)" hits="108" number="191">
<conditions>
<condition coverage="50%" number="0" type="jump"/>
</conditions>
</line>
<line branch="true" condition-coverage="75% (3/4)" hits="126" number="193">
<conditions>
<condition coverage="75%" number="0" type="jump"/>
</conditions>
</line>
<line branch="true" condition-coverage="50% (2/4)" hits="18" number="195">
<conditions>
<condition coverage="50%" number="0" type="jump"/>
</conditions>
</line>
<line branch="true" condition-coverage="50% (2/4)" hits="18" number="196">
<conditions>
<condition coverage="50%" number="0" type="jump"/>
</conditions>
</line>
<line branch="true" condition-coverage="50% (1/2)" hits="18" number="197">
<conditions>
<condition coverage="50%" number="0" type="jump"/>
</conditions>
</line>
<line branch="true" condition-coverage="50% (1/2)" hits="126" number="200">
<conditions>
<condition coverage="50%" number="0" type="jump"/>
</conditions>
</line>
<line branch="false" hits="142" number="203"/>
<line branch="true" condition-coverage="100% (2/2)" hits="142" number="205">
<conditions>
<condition coverage="100%" number="0" type="jump"/>
</conditions>
</line>
<line branch="true" condition-coverage="50% (2/4)" hits="18" number="207">
<conditions>
<condition coverage="50%" number="0" type="jump"/>
</conditions>
</line>
<line branch="false" hits="18" number="208"/>
<line branch="false" hits="248" number="210"/>
<line branch="false" hits="124" number="211"/>
<line branch="true" condition-coverage="100% (2/2)" hits="322" number="212">
<conditions>
<condition coverage="100%" number="0" type="jump"/>
</conditions>
</line>
<line branch="true" condition-coverage="80% (8/10)" hits="230" number="214">
<conditions>
<condition coverage="80%" number="0" type="jump"/>
</conditions>
</line>
<line branch="true" condition-coverage="50% (2/4)" hits="18" number="216">
<conditions>
<condition coverage="50%" number="0" type="jump"/>
</conditions>
</line>
<line branch="false" hits="18" number="217"/>
<line branch="true" condition-coverage="75% (3/4)" hits="212" number="219">
<conditions>
<condition coverage="75%" number="0" type="jump"/>
</conditions>
</line>
<line branch="true" condition-coverage="50% (1/2)" hits="180" number="221">
<conditions>
<condition coverage="50%" number="0" type="jump"/>
</conditions>
</line>
<line branch="true" condition-coverage="75% (3/4)" hits="212" number="223">
<conditions>
<condition coverage="75%" number="0" type="jump"/>
</conditions>
</line>
<line branch="true" condition-coverage="75% (3/4)" hits="46" number="225">
<conditions>
<condition coverage="75%" number="0" type="jump"/>
</conditions>
</line>
<line branch="true" condition-coverage="50% (2/4)" hits="18" number="226">
<conditions>
<condition coverage="50%" number="0" type="jump"/>
</conditions>
</line>
<line branch="true" condition-coverage="50% (1/2)" hits="18" number="227">
<conditions>
<condition coverage="50%" number="0" type="jump"/>
</conditions>
</line>
<line branch="true" condition-coverage="75% (3/4)" hits="92" number="231">
<conditions>
<condition coverage="75%" number="0" type="jump"/>
</conditions>
</line>
<line branch="false" hits="29" number="233"/>
<line branch="true" condition-coverage="75% (3/4)" hits="63" number="235">
<conditions>
<condition coverage="75%" number="0" type="jump"/>
</conditions>
</line>
<line branch="true" condition-coverage="50% (2/4)" hits="45" number="237">
<conditions>
<condition coverage="50%" number="0" type="jump"/>
</conditions>
</line>
<line branch="true" condition-coverage="50% (1/2)" hits="45" number="238">
<conditions>
<condition coverage="50%" number="0" type="jump"/>
</conditions>
</line>
<line branch="true" condition-coverage="50% (2/4)" hits="18" number="242">
<conditions>
<condition coverage="50%" number="0" type="jump"/>
</conditions>
</line>
<line branch="false" hits="18" number="243"/>
<line branch="true" condition-coverage="50% (1/2)" hits="148" number="245">
<conditions>
<condition coverage="50%" number="0" type="jump"/>
</conditions>
</line>
<line branch="false" hits="180" number="248"/>
<line branch="true" condition-coverage="100% (2/2)" hits="180" number="250">
<conditions>
<condition coverage="100%" number="0" type="jump"/>
</conditions>
</line>
<line branch="true" condition-coverage="50% (2/4)" hits="36" number="252">
<conditions>
<condition coverage="50%" number="0" type="jump"/>
</conditions>
</line>
<line branch="false" hits="36" number="253"/>
<line branch="true" condition-coverage="100% (2/2)" hits="288" number="255">
<conditions>
<condition coverage="100%" number="0" type="jump"/>
</conditions>
</line>
<line branch="true" condition-coverage="100% (6/6)" hits="252" number="257">
<conditions>
<condition coverage="100%" number="0" type="jump"/>
</conditions>
</line>
<line branch="true" condition-coverage="50% (2/4)" hits="18" number="259">
<conditions>
<condition coverage="50%" number="0" type="jump"/>
</conditions>
</line>
<line branch="false" hits="18" number="260"/>
<line branch="true" condition-coverage="100% (2/2)" hits="234" number="262">
<conditions>
<condition coverage="100%" number="0" type="jump"/>
</conditions>
</line>
<line branch="true" condition-coverage="50% (1/2)" hits="54" number="264">
<conditions>
<condition coverage="50%" number="0" type="jump"/>
</conditions>
</line>
<line branch="false" hits="54" number="265"/>
<line branch="true" condition-coverage="100% (2/2)" hits="234" number="267">
<conditions>
<condition coverage="100%" number="0" type="jump"/>
</conditions>
</line>
<line branch="false" hits="144" number="269"/>
<line branch="false" hits="90" number="273"/>
<line branch="false" hits="36" number="276"/>
<line branch="false" hits="180" number="279"/>
<line branch="true" condition-coverage="100% (2/2)" hits="180" number="281">
<conditions>
<condition coverage="100%" number="0" type="jump"/>
</conditions>
</line>
<line branch="true" condition-coverage="50% (2/4)" hits="36" number="283">
<conditions>
<condition coverage="50%" number="0" type="jump"/>
</conditions>
</line>
<line branch="false" hits="36" number="284"/>
<line branch="true" condition-coverage="100% (2/2)" hits="198" number="286">
<conditions>
<condition coverage="100%" number="0" type="jump"/>
</conditions>
</line>
<line branch="true" condition-coverage="100% (6/6)" hits="180" number="288">
<conditions>
<condition coverage="100%" number="0" type="jump"/>
</conditions>
</line>
<line branch="true" condition-coverage="50% (2/4)" hits="18" number="290">
<conditions>
<condition coverage="50%" number="0" type="jump"/>
</conditions>
</line>
<line branch="false" hits="18" number="291"/>
<line branch="true" condition-coverage="100% (2/2)" hits="162" number="293">
<conditions>
<condition coverage="100%" number="0" type="jump"/>
</conditions>
</line>
<line branch="true" condition-coverage="50% (1/2)" hits="36" number="295">
<conditions>
<condition coverage="50%" number="0" type="jump"/>
</conditions>
</line>
<line branch="false" hits="36" number="296"/>
<line branch="true" condition-coverage="100% (2/2)" hits="162" number="298">
<conditions>
<condition coverage="100%" number="0" type="jump"/>
</conditions>
</line>
<line branch="false" hits="108" number="300"/>
<line branch="false" hits="18" number="303"/>
<line branch="false" hits="108" number="307"/>
<line branch="true" condition-coverage="100% (2/2)" hits="108" number="309">
<conditions>
<condition coverage="100%" number="0" type="jump"/>
</conditions>
</line>
<line branch="true" condition-coverage="50% (2/4)" hits="18" number="311">
<conditions>
<condition coverage="50%" number="0" type="jump"/>
</conditions>
</line>
<line branch="false" hits="18" number="312"/>
<line branch="true" condition-coverage="100% (6/6)" hits="90" number="314">
<conditions>
<condition coverage="100%" number="0" type="jump"/>
</conditions>
</line>
<line branch="true" condition-coverage="50% (2/4)" hits="18" number="316">
<conditions>
<condition coverage="50%" number="0" type="jump"/>
</conditions>
</line>
<line branch="false" hits="18" number="317"/>
<line branch="true" condition-coverage="100% (2/2)" hits="72" number="319">
<conditions>
<condition coverage="100%" number="0" type="jump"/>
</conditions>
</line>
<line branch="true" condition-coverage="100% (2/2)" hits="54" number="321">
<conditions>
<condition coverage="100%" number="0" type="jump"/>
</conditions>
</line>
<line branch="false" hits="18" number="322"/>
<line branch="true" condition-coverage="100% (2/2)" hits="54" number="324">
<conditions>
<condition coverage="100%" number="0" type="jump"/>
</conditions>
</line>
<line branch="false" hits="36" number="326"/>
<line branch="false" hits="18" number="330"/>
<line branch="false" hits="126" number="334"/>
<line branch="false" hits="216" number="336"/>
<line branch="true" condition-coverage="100% (2/2)" hits="126" number="337">
<conditions>
<condition coverage="100%" number="0" type="jump"/>
</conditions>
</line>
<line branch="true" condition-coverage="100% (2/2)" hits="90" number="338">
<conditions>
<condition coverage="100%" number="0" type="jump"/>
</conditions>
</line>
<line branch="false" hits="72" number="340"/>
<line branch="false" hits="18" number="344"/>
<line branch="false" hits="72" number="348"/>
<line branch="false" hits="144" number="350"/>
<line branch="true" condition-coverage="50% (1/2)" hits="72" number="351">
<conditions>
<condition coverage="50%" number="0" type="jump"/>
</conditions>
</line>
<line branch="true" condition-coverage="100% (2/2)" hits="72" number="352">
<conditions>
<condition coverage="100%" number="0" type="jump"/>
</conditions>
</line>
<line branch="false" hits="36" number="354"/>
<line branch="false" hits="36" number="358"/>
<line branch="false" hits="36" number="362"/>
<line branch="false" hits="72" number="364"/>
<line branch="true" condition-coverage="50% (1/2)" hits="36" number="365">
<conditions>
<condition coverage="50%" number="0" type="jump"/>
</conditions>
</line>
<line branch="true" condition-coverage="100% (2/2)" hits="36" number="366">
<conditions>
<condition coverage="100%" number="0" type="jump"/>
</conditions>
</line>
<line branch="false" hits="18" number="368"/>
<line branch="false" hits="18" number="372"/>
<line branch="false" hits="72" number="376"/>
<line branch="false" hits="144" number="378"/>
<line branch="true" condition-coverage="50% (1/2)" hits="72" number="379">
<conditions>
<condition coverage="50%" number="0" type="jump"/>
</conditions>
</line>
<line branch="true" condition-coverage="100% (2/2)" hits="72" number="380">
<conditions>
<condition coverage="100%" number="0" type="jump"/>
</conditions>
</line>
<line branch="false" hits="36" number="382"/>
<line branch="false" hits="36" number="386"/>
<line branch="false" hits="90" number="390"/>
<line branch="false" hits="180" number="392"/>
<line branch="true" condition-coverage="50% (1/2)" hits="90" number="393">
<conditions>
<condition coverage="50%" number="0" type="jump"/>
</conditions>
</line>
<line branch="true" condition-coverage="100% (2/2)" hits="90" number="394">
<conditions>
<condition coverage="100%" number="0" type="jump"/>
</conditions>
</line>
<line branch="false" hits="36" number="396"/>
<line branch="false" hits="54" number="400"/>
<line branch="false" hits="196" number="405"/>
<line branch="true" condition-coverage="50% (1/2)" hits="196" number="407">
<conditions>
<condition coverage="50%" number="0" type="jump"/>
</conditions>
</line>
<line branch="true" condition-coverage="75% (6/8)" hits="196" number="408">
<conditions>
<condition coverage="75%" number="0" type="jump"/>
</conditions>
</line>
<line branch="true" condition-coverage="50% (2/4)" hits="18" number="410">
<conditions>
<condition coverage="50%" number="0" type="jump"/>
</conditions>
</line>
<line branch="false" hits="18" number="411"/>
<line branch="true" condition-coverage="100% (2/2)" hits="178" number="413">
<conditions>
<condition coverage="100%" number="0" type="jump"/>
</conditions>
</line>
<line branch="true" condition-coverage="70% (7/10)" hits="106" number="415">
<conditions>
<condition coverage="70%" number="0" type="jump"/>
</conditions>
</line>
<line branch="true" condition-coverage="50% (1/2)" hits="72" number="417">
<conditions>
<condition coverage="50%" number="0" type="jump"/>
</conditions>
</line>
<line branch="true" condition-coverage="75% (3/4)" hits="50" number="419">
<conditions>
<condition coverage="75%" number="0" type="jump"/>
</conditions>
</line>
<line branch="true" condition-coverage="50% (1/2)" hits="18" number="420">
<conditions>
<condition coverage="50%" number="0" type="jump"/>
</conditions>
</line>
<line branch="true" condition-coverage="50% (1/2)" hits="36" number="421">
<conditions>
<condition coverage="50%" number="0" type="jump"/>
</conditions>
</line>
<line branch="false" hits="18" number="422"/>
<line branch="true" condition-coverage="70% (7/10)" hits="72" number="426">
<conditions>
<condition coverage="70%" number="0" type="jump"/>
</conditions>
</line>
<line branch="true" condition-coverage="50% (1/2)" hits="18" number="428">
<conditions>
<condition coverage="50%" number="0" type="jump"/>
</conditions>
</line>
<line branch="true" condition-coverage="75% (3/4)" hits="90" number="430">
<conditions>
<condition coverage="75%" number="0" type="jump"/>
</conditions>
</line>
<line branch="true" condition-coverage="50% (1/2)" hits="18" number="431">
<conditions>
<condition coverage="50%" number="0" type="jump"/>
</conditions>
</line>
<line branch="true" condition-coverage="50% (1/2)" hits="36" number="432">
<conditions>
<condition coverage="50%" number="0" type="jump"/>
</conditions>
</line>
<line branch="false" hits="18" number="433"/>
<line branch="false" hits="602" number="437"/>
<line branch="true" condition-coverage="50% (1/2)" hits="602" number="439">
<conditions>
<condition coverage="50%" number="0" type="jump"/>
</conditions>
</line>
<line branch="false" hits="1204" number="440"/>
<line branch="true" condition-coverage="100% (2/2)" hits="2220" number="441">
<conditions>
<condition coverage="100%" number="0" type="jump"/>
</conditions>
</line>
<line branch="true" condition-coverage="50% (1/2)" hits="1618" number="443">
<conditions>
<condition coverage="50%" number="0" type="jump"/>
</conditions>
</line>
<line branch="true" condition-coverage="76% (20/26)" hits="602" number="445">
<conditions>
<condition coverage="76%" number="0" type="jump"/>
</conditions>
</line>
<line branch="true" condition-coverage="50% (1/2)" hits="530" number="447">
<conditions>
<condition coverage="50%" number="0" type="jump"/>
</conditions>
</line>
<line branch="true" condition-coverage="75% (3/4)" hits="72" number="451">
<conditions>
<condition coverage="75%" number="0" type="jump"/>
</conditions>
</line>
<line branch="true" condition-coverage="50% (1/2)" hits="18" number="453">
<conditions>
<condition coverage="50%" number="0" type="jump"/>
</conditions>
</line>
<line branch="true" condition-coverage="50% (1/2)" hits="36" number="454">
<conditions>
<condition coverage="50%" number="0" type="jump"/>
</conditions>
</line>
<line branch="false" hits="18" number="455"/>
<line branch="true" condition-coverage="75% (3/4)" hits="54" number="457">
<conditions>
<condition coverage="75%" number="0" type="jump"/>
</conditions>
</line>
<line branch="true" condition-coverage="50% (2/4)" hits="36" number="459">
<conditions>
<condition coverage="50%" number="0" type="jump"/>
</conditions>
</line>
<line branch="false" hits="18" number="460"/>
<line branch="true" condition-coverage="75% (3/4)" hits="36" number="462">
<conditions>
<condition coverage="75%" number="0" type="jump"/>
</conditions>
</line>
<line branch="true" condition-coverage="50% (1/2)" hits="18" number="464">
<conditions>
<condition coverage="50%" number="0" type="jump"/>
</conditions>
</line>
<line branch="true" condition-coverage="50% (1/2)" hits="36" number="465">
<conditions>
<condition coverage="50%" number="0" type="jump"/>
</conditions>
</line>
<line branch="false" hits="18" number="466"/>
<line branch="true" condition-coverage="50% (2/4)" hits="18" number="468">
<conditions>
<condition coverage="50%" number="0" type="jump"/>
</conditions>
</line>
<line branch="false" hits="18" number="469"/>
<line branch="false" hits="1320" number="474"/>
<line branch="true" condition-coverage="50% (1/2)" hits="2640" number="477">
<conditions>
<condition coverage="50%" number="0" type="jump"/>
</conditions>
</line>
<line branch="true" condition-coverage="75% (3/4)" hits="1320" number="478">
<conditions>
<condition coverage="75%" number="0" type="jump"/>
</conditions>
</line>
<line branch="true" condition-coverage="75% (3/4)" hits="282" number="480">
<conditions>
<condition coverage="75%" number="0" type="jump"/>
</conditions>
</line>
<line branch="true" condition-coverage="50% (1/2)" hits="52" number="482">
<conditions>
<condition coverage="50%" number="0" type="jump"/>
</conditions>
</line>
<line branch="true" condition-coverage="50% (1/2)" hits="104" number="483">
<conditions>
<condition coverage="50%" number="0" type="jump"/>
</conditions>
</line>
<line branch="true" condition-coverage="50% (1/2)" hits="52" number="484">
<conditions>
<condition coverage="50%" number="0" type="jump"/>
</conditions>
</line>
<line branch="false" hits="52" number="485"/>
<line branch="true" condition-coverage="75% (3/4)" hits="230" number="487">
<conditions>
<condition coverage="75%" number="0" type="jump"/>
</conditions>
</line>
<line branch="true" condition-coverage="50% (1/2)" hits="108" number="489">
<conditions>
<condition coverage="50%" number="0" type="jump"/>
</conditions>
</line>
<line branch="true" condition-coverage="50% (1/2)" hits="216" number="490">
<conditions>
<condition coverage="50%" number="0" type="jump"/>
</conditions>
</line>
<line branch="true" condition-coverage="50% (1/2)" hits="108" number="491">
<conditions>
<condition coverage="50%" number="0" type="jump"/>
</conditions>
</line>
<line branch="false" hits="108" number="492"/>
<line branch="true" condition-coverage="75% (3/4)" hits="122" number="494">
<conditions>
<condition coverage="75%" number="0" type="jump"/>
</conditions>
</line>
<line branch="true" condition-coverage="50% (2/4)" hits="36" number="496">
<conditions>
<condition coverage="50%" number="0" type="jump"/>
</conditions>
</line>
<line branch="false" hits="18" number="497"/>
<line branch="true" condition-coverage="50% (2/4)" hits="104" number="499">
<conditions>
<condition coverage="50%" number="0" type="jump"/>
</conditions>
</line>
<line branch="false" hits="104" number="500"/>
<line branch="true" condition-coverage="50% (1/2)" hits="1038" number="504">
<conditions>
<condition coverage="50%" number="0" type="jump"/>
</conditions>
</line>
<line branch="false" hits="1038" number="506"/>
<line branch="false" hits="1103" number="509"/>
<line branch="true" condition-coverage="50% (1/2)" hits="1103" number="511">
<conditions>
<condition coverage="50%" number="0" type="jump"/>
</conditions>
</line>
<line branch="true" condition-coverage="100% (2/2)" hits="1103" number="512">
<conditions>
<condition coverage="100%" number="0" type="jump"/>
</conditions>
</line>
<line branch="true" condition-coverage="50% (2/4)" hits="18" number="514">
<conditions>
<condition coverage="50%" number="0" type="jump"/>
</conditions>
</line>
<line branch="false" hits="18" number="515"/>
<line branch="false" hits="2170" number="517"/>
<line branch="true" condition-coverage="50% (1/2)" hits="1085" number="520">
<conditions>
<condition coverage="50%" number="0" type="jump"/>
</conditions>
</line>
<line branch="true" condition-coverage="75% (3/4)" hits="1085" number="521">
<conditions>
<condition coverage="75%" number="0" type="jump"/>
</conditions>
</line>
<line branch="true" condition-coverage="50% (2/4)" hits="36" number="523">
<conditions>
<condition coverage="50%" number="0" type="jump"/>
</conditions>
</line>
<line branch="false" hits="36" number="524"/>
<line branch="true" condition-coverage="52% (78/150)" hits="1049" number="526">
<conditions>
<condition coverage="52%" number="0" type="jump"/>
</conditions>
</line>
<line branch="true" condition-coverage="50% (2/4)" hits="52" number="528">
<conditions>
<condition coverage="50%" number="0" type="jump"/>
</conditions>
</line>
<line branch="false" hits="52" number="529"/>
<line branch="true" condition-coverage="75% (3/4)" hits="997" number="532">
<conditions>
<condition coverage="75%" number="0" type="jump"/>
</conditions>
</line>
<line branch="false" hits="580" number="534"/>
<line branch="true" condition-coverage="50% (1/2)" hits="580" number="535">
<conditions>
<condition coverage="50%" number="0" type="jump"/>
</conditions>
</line>
<line branch="true" condition-coverage="50% (1/2)" hits="1160" number="536">
<conditions>
<condition coverage="50%" number="0" type="jump"/>
</conditions>
</line>
<line branch="false" hits="580" number="537"/>
<line branch="true" condition-coverage="75% (3/4)" hits="417" number="539">
<conditions>
<condition coverage="75%" number="0" type="jump"/>
</conditions>
</line>
<line branch="true" condition-coverage="75% (3/4)" hits="90" number="541">
<conditions>
<condition coverage="75%" number="0" type="jump"/>
</conditions>
</line>
<line branch="true" condition-coverage="50% (1/2)" hits="36" number="543">
<conditions>
<condition coverage="50%" number="0" type="jump"/>
</conditions>
</line>
<line branch="true" condition-coverage="50% (1/2)" hits="36" number="544">
<conditions>
<condition coverage="50%" number="0" type="jump"/>
</conditions>
</line>
<line branch="true" condition-coverage="50% (1/2)" hits="72" number="545">
<conditions>
<condition coverage="50%" number="0" type="jump"/>
</conditions>
</line>
<line branch="false" hits="36" number="546"/>
<line branch="true" condition-coverage="75% (3/4)" hits="54" number="548">
<conditions>
<condition coverage="75%" number="0" type="jump"/>
</conditions>
</line>
<line branch="true" condition-coverage="50% (2/4)" hits="36" number="550">
<conditions>
<condition coverage="50%" number="0" type="jump"/>
</conditions>
</line>
<line branch="true" condition-coverage="50% (2/4)" hits="18" number="551">
<conditions>
<condition coverage="50%" number="0" type="jump"/>
</conditions>
</line>
<line branch="false" hits="18" number="552"/>
<line branch="true" condition-coverage="75% (3/4)" hits="36" number="554">
<conditions>
<condition coverage="75%" number="0" type="jump"/>
</conditions>
</line>
<line branch="true" condition-coverage="50% (1/2)" hits="18" number="556">
<conditions>
<condition coverage="50%" number="0" type="jump"/>
</conditions>
</line>
<line branch="true" condition-coverage="50% (1/2)" hits="18" number="557">
<conditions>
<condition coverage="50%" number="0" type="jump"/>
</conditions>
</line>
<line branch="true" condition-coverage="50% (1/2)" hits="36" number="558">
<conditions>
<condition coverage="50%" number="0" type="jump"/>
</conditions>
</line>
<line branch="false" hits="18" number="559"/>
<line branch="true" condition-coverage="50% (2/4)" hits="18" number="561">
<conditions>
<condition coverage="50%" number="0" type="jump"/>
</conditions>
</line>
<line branch="false" hits="18" number="562"/>
<line branch="true" condition-coverage="64% (9/14)" hits="327" number="565">
<conditions>
<condition coverage="64%" number="0" type="jump"/>
</conditions>
</line>
<line branch="true" condition-coverage="50% (2/4)" hits="108" number="567">
<conditions>
<condition coverage="50%" number="0" type="jump"/>
</conditions>
</line>
<line branch="true" condition-coverage="50% (1/2)" hits="108" number="568">
<conditions>
<condition coverage="50%" number="0" type="jump"/>
</conditions>
</line>
<line branch="false" hits="219" number="572"/>
<line branch="true" condition-coverage="50% (1/2)" hits="219" number="573">
<conditions>
<condition coverage="50%" number="0" type="jump"/>
</conditions>
</line>
<line branch="true" condition-coverage="50% (1/2)" hits="438" number="574">
<conditions>
<condition coverage="50%" number="0" type="jump"/>
</conditions>
</line>
<line branch="false" hits="219" number="575"/>
<line branch="false" hits="72" number="581"/>
<line branch="true" condition-coverage="100% (2/2)" hits="72" number="584">
<conditions>
<condition coverage="100%" number="0" type="jump"/>
</conditions>
</line>
<line branch="true" condition-coverage="50% (2/4)" hits="18" number="586">
<conditions>
<condition coverage="50%" number="0" type="jump"/>
</conditions>
</line>
<line branch="false" hits="18" number="587"/>
<line branch="true" condition-coverage="100% (2/2)" hits="54" number="589">
<conditions>
<condition coverage="100%" number="0" type="jump"/>
</conditions>
</line>
<line branch="false" hits="18" number="591"/>
<line branch="false" hits="18" number="592"/>
<line branch="true" condition-coverage="100% (2/2)" hits="36" number="594">
<conditions>
<condition coverage="100%" number="0" type="jump"/>
</conditions>
</line>
<line branch="true" condition-coverage="50% (1/2)" hits="18" number="596">
<conditions>
<condition coverage="50%" number="0" type="jump"/>
</conditions>
</line>
<line branch="false" hits="18" number="597"/>
<line branch="false" hits="18" number="598"/>
<line branch="true" condition-coverage="50% (2/4)" hits="18" number="602">
<conditions>
<condition coverage="50%" number="0" type="jump"/>
</conditions>
</line>
<line branch="false" hits="18" number="603"/>
<line branch="false" hits="70" number="606"/>
<line branch="false" hits="70" number="608"/>
<line branch="true" condition-coverage="100% (2/2)" hits="70" number="609">
<conditions>
<condition coverage="100%" number="0" type="jump"/>
</conditions>
</line>
<line branch="true" condition-coverage="50% (2/4)" hits="18" number="611">
<conditions>
<condition coverage="50%" number="0" type="jump"/>
</conditions>
</line>
<line branch="false" hits="18" number="612"/>
<line branch="true" condition-coverage="100% (2/2)" hits="52" number="614">
<conditions>
<condition coverage="100%" number="0" type="jump"/>
</conditions>
</line>
<line branch="false" hits="16" number="616"/>
<line branch="false" hits="16" number="617"/>
<line branch="true" condition-coverage="100% (2/2)" hits="36" number="619">
<conditions>
<condition coverage="100%" number="0" type="jump"/>
</conditions>
</line>
<line branch="true" condition-coverage="50% (1/2)" hits="18" number="621">
<conditions>
<condition coverage="50%" number="0" type="jump"/>
</conditions>
</line>
<line branch="false" hits="18" number="622"/>
<line branch="false" hits="18" number="623"/>
<line branch="true" condition-coverage="50% (2/4)" hits="18" number="627">
<conditions>
<condition coverage="50%" number="0" type="jump"/>
</conditions>
</line>
<line branch="false" hits="18" number="628"/>
<line branch="false" hits="70" number="631"/>
<line branch="false" hits="140" number="633"/>
<line branch="true" condition-coverage="100% (2/2)" hits="70" number="634">
<conditions>
<condition coverage="100%" number="0" type="jump"/>
</conditions>
</line>
<line branch="true" condition-coverage="100% (2/2)" hits="138" number="637">
<conditions>
<condition coverage="100%" number="0" type="jump"/>
</conditions>
</line>
<line branch="true" condition-coverage="75% (3/4)" hits="104" number="639">
<conditions>
<condition coverage="75%" number="0" type="jump"/>
</conditions>
</line>
<line branch="true" condition-coverage="50% (1/2)" hits="70" number="641">
<conditions>
<condition coverage="50%" number="0" type="jump"/>
</conditions>
</line>
<line branch="true" condition-coverage="75% (3/4)" hits="34" number="643">
<conditions>
<condition coverage="75%" number="0" type="jump"/>
</conditions>
</line>
<line branch="true" condition-coverage="50% (2/4)" hits="16" number="645">
<conditions>
<condition coverage="50%" number="0" type="jump"/>
</conditions>
</line>
<line branch="true" condition-coverage="50% (2/4)" hits="16" number="646">
<conditions>
<condition coverage="50%" number="0" type="jump"/>
</conditions>
</line>
<line branch="true" condition-coverage="50% (2/4)" hits="18" number="650">
<conditions>
<condition coverage="50%" number="0" type="jump"/>
</conditions>
</line>
<line branch="false" hits="18" number="651"/>
<line branch="true" condition-coverage="50% (2/4)" hits="18" number="657">
<conditions>
<condition coverage="50%" number="0" type="jump"/>
</conditions>
</line>
<line branch="false" hits="18" number="658"/>
<line branch="false" hits="68" number="660"/>
<line branch="false" hits="124" number="663"/>
<line branch="false" hits="124" number="665"/>
<line branch="true" condition-coverage="100% (2/2)" hits="124" number="666">
<conditions>
<condition coverage="100%" number="0" type="jump"/>
</conditions>
</line>
<line branch="true" condition-coverage="50% (2/4)" hits="36" number="668">
<conditions>
<condition coverage="50%" number="0" type="jump"/>
</conditions>
</line>
<line branch="false" hits="36" number="669"/>
<line branch="true" condition-coverage="100% (2/2)" hits="210" number="671">
<conditions>
<condition coverage="100%" number="0" type="jump"/>
</conditions>
</line>
<line branch="true" condition-coverage="100% (2/2)" hits="158" number="673">
<conditions>
<condition coverage="100%" number="0" type="jump"/>
</conditions>
</line>
<line branch="false" hits="106" number="675"/>
<line branch="true" condition-coverage="100% (2/2)" hits="52" number="677">
<conditions>
<condition coverage="100%" number="0" type="jump"/>
</conditions>
</line>
<line branch="true" condition-coverage="100% (2/2)" hits="52" number="679">
<conditions>
<condition coverage="100%" number="0" type="jump"/>
</conditions>
</line>
<line branch="false" hits="16" number="680"/>
<line branch="true" condition-coverage="50% (2/4)" hits="18" number="684">
<conditions>
<condition coverage="50%" number="0" type="jump"/>
</conditions>
</line>
<line branch="false" hits="18" number="685"/>
<line branch="false" hits="52" number="688"/>
<line branch="false" hits="160" number="691"/>
<line branch="false" hits="320" number="693"/>
<line branch="true" condition-coverage="100% (2/2)" hits="160" number="694">
<conditions>
<condition coverage="100%" number="0" type="jump"/>
</conditions>
</line>
<line branch="true" condition-coverage="100% (2/2)" hits="354" number="697">
<conditions>
<condition coverage="100%" number="0" type="jump"/>
</conditions>
</line>
<line branch="true" condition-coverage="75% (3/4)" hits="248" number="699">
<conditions>
<condition coverage="75%" number="0" type="jump"/>
</conditions>
</line>
<line branch="true" condition-coverage="50% (1/2)" hits="196" number="701">
<conditions>
<condition coverage="50%" number="0" type="jump"/>
</conditions>
</line>
<line branch="true" condition-coverage="75% (3/4)" hits="52" number="703">
<conditions>
<condition coverage="75%" number="0" type="jump"/>
</conditions>
</line>
<line branch="true" condition-coverage="75% (3/4)" hits="52" number="705">
<conditions>
<condition coverage="75%" number="0" type="jump"/>
</conditions>
</line>
<line branch="true" condition-coverage="50% (2/4)" hits="16" number="706">
<conditions>
<condition coverage="50%" number="0" type="jump"/>
</conditions>
</line>
<line branch="true" condition-coverage="50% (2/4)" hits="18" number="710">
<conditions>
<condition coverage="50%" number="0" type="jump"/>
</conditions>
</line>
<line branch="false" hits="18" number="711"/>
<line branch="true" condition-coverage="50% (2/4)" hits="18" number="717">
<conditions>
<condition coverage="50%" number="0" type="jump"/>
</conditions>
</line>
<line branch="false" hits="18" number="718"/>
<line branch="false" hits="212" number="720"/>
<line branch="false" hits="324" number="723"/>
<line branch="false" hits="324" number="725"/>
<line branch="true" condition-coverage="100% (2/2)" hits="324" number="726">
<conditions>
<condition coverage="100%" number="0" type="jump"/>
</conditions>
</line>
<line branch="true" condition-coverage="50% (2/4)" hits="18" number="728">
<conditions>
<condition coverage="50%" number="0" type="jump"/>
</conditions>
</line>
<line branch="false" hits="18" number="729"/>
<line branch="true" condition-coverage="100% (2/2)" hits="1134" number="731">
<conditions>
<condition coverage="100%" number="0" type="jump"/>
</conditions>
</line>
<line branch="true" condition-coverage="100% (2/2)" hits="846" number="733">
<conditions>
<condition coverage="100%" number="0" type="jump"/>
</conditions>
</line>
<line branch="false" hits="792" number="735"/>
<line branch="true" condition-coverage="100% (2/2)" hits="54" number="737">
<conditions>
<condition coverage="100%" number="0" type="jump"/>
</conditions>
</line>
<line branch="true" condition-coverage="50% (1/2)" hits="36" number="739">
<conditions>
<condition coverage="50%" number="0" type="jump"/>
</conditions>
</line>
<line branch="false" hits="36" number="740"/>
<line branch="true" condition-coverage="50% (2/4)" hits="18" number="744">
<conditions>
<condition coverage="50%" number="0" type="jump"/>
</conditions>
</line>
<line branch="false" hits="18" number="745"/>
<line branch="false" hits="288" number="748"/>
<line branch="false" hits="302" number="751"/>
<line branch="true" condition-coverage="100% (2/2)" hits="302" number="754">
<conditions>
<condition coverage="100%" number="0" type="jump"/>
</conditions>
</line>
<line branch="false" hits="320" number="756"/>
<line branch="true" condition-coverage="100% (2/2)" hits="372" number="757">
<conditions>
<condition coverage="100%" number="0" type="jump"/>
</conditions>
</line>
<line branch="true" condition-coverage="75% (3/4)" hits="266" number="759">
<conditions>
<condition coverage="75%" number="0" type="jump"/>
</conditions>
</line>
<line branch="true" condition-coverage="50% (1/2)" hits="196" number="761">
<conditions>
<condition coverage="50%" number="0" type="jump"/>
</conditions>
</line>
<line branch="true" condition-coverage="75% (3/4)" hits="70" number="763">
<conditions>
<condition coverage="75%" number="0" type="jump"/>
</conditions>
</line>
<line branch="true" condition-coverage="75% (3/4)" hits="52" number="765">
<conditions>
<condition coverage="75%" number="0" type="jump"/>
</conditions>
</line>
<line branch="true" condition-coverage="50% (2/4)" hits="16" number="766">
<conditions>
<condition coverage="50%" number="0" type="jump"/>
</conditions>
</line>
<line branch="true" condition-coverage="50% (2/4)" hits="36" number="770">
<conditions>
<condition coverage="50%" number="0" type="jump"/>
</conditions>
</line>
<line branch="false" hits="36" number="771"/>
<line branch="false" hits="106" number="774"/>
<line branch="true" condition-coverage="100% (2/2)" hits="142" number="777">
<conditions>
<condition coverage="100%" number="0" type="jump"/>
</conditions>
</line>
<line branch="false" hits="106" number="779"/>
<line branch="true" condition-coverage="100% (2/2)" hits="106" number="780">
<conditions>
<condition coverage="100%" number="0" type="jump"/>
</conditions>
</line>
<line branch="false" hits="54" number="782"/>
<line branch="true" condition-coverage="100% (2/2)" hits="52" number="784">
<conditions>
<condition coverage="100%" number="0" type="jump"/>
</conditions>
</line>
<line branch="true" condition-coverage="100% (2/2)" hits="52" number="786">
<conditions>
<condition coverage="100%" number="0" type="jump"/>
</conditions>
</line>
<line branch="false" hits="16" number="787"/>
<line branch="true" condition-coverage="50% (2/4)" hits="18" number="791">
<conditions>
<condition coverage="50%" number="0" type="jump"/>
</conditions>
</line>
<line branch="false" hits="18" number="792"/>
<line branch="false" hits="70" number="794"/>
<line branch="true" condition-coverage="50% (2/4)" hits="36" number="799">
<conditions>
<condition coverage="50%" number="0" type="jump"/>
</conditions>
</line>
<line branch="false" hits="36" number="800"/>
<line branch="false" hits="396" number="805"/>
<line branch="true" condition-coverage="100% (2/2)" hits="396" number="807">
<conditions>
<condition coverage="100%" number="0" type="jump"/>
</conditions>
</line>
<line branch="true" condition-coverage="50% (2/4)" hits="18" number="809">
<conditions>
<condition coverage="50%" number="0" type="jump"/>
</conditions>
</line>
<line branch="false" hits="18" number="810"/>
<line branch="true" condition-coverage="100% (2/2)" hits="1098" number="812">
<conditions>
<condition coverage="100%" number="0" type="jump"/>
</conditions>
</line>
<line branch="true" condition-coverage="100% (2/2)" hits="738" number="814">
<conditions>
<condition coverage="100%" number="0" type="jump"/>
</conditions>
</line>
<line branch="false" hits="648" number="816"/>
<line branch="true" condition-coverage="100% (2/2)" hits="90" number="818">
<conditions>
<condition coverage="100%" number="0" type="jump"/>
</conditions>
</line>
<line branch="true" condition-coverage="50% (1/2)" hits="72" number="820">
<conditions>
<condition coverage="50%" number="0" type="jump"/>
</conditions>
</line>
<line branch="true" condition-coverage="50% (1/2)" hits="72" number="821">
<conditions>
<condition coverage="50%" number="0" type="jump"/>
</conditions>
</line>
<line branch="true" condition-coverage="50% (2/4)" hits="18" number="825">
<conditions>
<condition coverage="50%" number="0" type="jump"/>
</conditions>
</line>
<line branch="false" hits="18" number="826"/>
<line branch="false" hits="360" number="829"/>
<line branch="false" hits="447" number="831"/>
<line branch="true" condition-coverage="75% (3/4)" hits="447" number="833">
<conditions>
<condition coverage="75%" number="0" type="jump"/>
</conditions>
</line>
<line branch="true" condition-coverage="50% (2/4)" hits="124" number="835">
<conditions>
<condition coverage="50%" number="0" type="jump"/>
</conditions>
</line>
<line branch="false" hits="124" number="836"/>
<line branch="false" hits="323" number="838"/>
<line branch="false" hits="126" number="840"/>
<line branch="true" condition-coverage="75% (3/4)" hits="126" number="842">
<conditions>
<condition coverage="75%" number="0" type="jump"/>
</conditions>
</line>
<line branch="true" condition-coverage="50% (2/4)" hits="18" number="844">
<conditions>
<condition coverage="50%" number="0" type="jump"/>
</conditions>
</line>
<line branch="false" hits="18" number="845"/>
<line branch="false" hits="108" number="847"/>
<line branch="false" hits="68" number="849"/>
<line branch="true" condition-coverage="75% (3/4)" hits="68" number="851">
<conditions>
<condition coverage="75%" number="0" type="jump"/>
</conditions>
</line>
<line branch="true" condition-coverage="50% (2/4)" hits="14" number="853">
<conditions>
<condition coverage="50%" number="0" type="jump"/>
</conditions>
</line>
<line branch="false" hits="14" number="854"/>
<line branch="true" condition-coverage="50% (2/4)" hits="156" number="856">
<conditions>
<condition coverage="50%" number="0" type="jump"/>
</conditions>
</line>
</lines>
</class>
<class branch-rate="0.0" complexity="0.0" filename="environment.hpp" line-rate="1.0" name="environment_hpp">
<methods/>
<lines>
<line branch="false" hits="5430" number="19"/>
</lines>
</class>
<class branch-rate="0.5" complexity="0.0" filename="expression.cpp" line-rate="1.0" name="expression_cpp">
<methods/>
<lines>
<line branch="false" hits="66989" number="4"/>
<line branch="true" condition-coverage="50% (1/2)" hits="66989" number="6">
<conditions>
<condition coverage="50%" number="0" type="jump"/>
</conditions>
</line>
<line branch="false" hits="66989" number="7"/>
<line branch="false" hits="66989" number="8"/>
<line branch="true" condition-coverage="50% (1/2)" hits="66989" number="9">
<conditions>
<condition coverage="50%" number="0" type="jump"/>
</conditions>
</line>
<line branch="false" hits="66989" number="10"/>
<line branch="false" hits="66989" number="11"/>
<line branch="false" hits="5708" number="14"/>
<line branch="true" condition-coverage="50% (1/2)" hits="5708" number="16">
<conditions>
<condition coverage="50%" number="0" type="jump"/>
</conditions>
</line>
<line branch="false" hits="5708" number="17"/>
<line branch="false" hits="5708" number="18"/>
<line branch="true" condition-coverage="50% (1/2)" hits="5708" number="19">
<conditions>
<condition coverage="50%" number="0" type="jump"/>
</conditions>
</line>
<line branch="false" hits="5708" number="20"/>
<line branch="false" hits="5708" number="21"/>
<line branch="false" hits="12789" number="24"/>
<line branch="true" condition-coverage="50% (1/2)" hits="12789" number="26">
<conditions>
<condition coverage="50%" number="0" type="jump"/>
</conditions>
</line>
<line branch="false" hits="12789" number="27"/>
<line branch="false" hits="12789" number="28"/>
<line branch="true" condition-coverage="50% (1/2)" hits="12789" number="29">
<conditions>
<condition coverage="50%" number="0" type="jump"/>
</conditions>
</line>
<line branch="false" hits="12789" number="30"/>
<line branch="false" hits="12789" number="31"/>
<line branch="false" hits="14067" number="34"/>
<line branch="true" condition-coverage="50% (1/2)" hits="14067" number="36">
<conditions>
<condition coverage="50%" number="0" type="jump"/>
</conditions>
</line>
<line branch="false" hits="14067" number="37"/>
<line branch="false" hits="14067" number="38"/>
<line branch="true" condition-coverage="50% (1/2)" hits="14067" number="39">
<conditions>
<condition coverage="50%" number="0" type="jump"/>
</conditions>
</line>
<line branch="false" hits="14067" number="40"/>
<line branch="false" hits="14067" number="41"/>
<line branch="false" hits="1124" number="43"/>
<line branch="true" condition-coverage="50% (1/2)" hits="1124" number="45">
<conditions>
<condition coverage="50%" number="0" type="jump"/>
</conditions>
</line>
<line branch="false" hits="1124" number="46"/>
<line branch="false" hits="1124" number="47"/>
<line branch="true" condition-coverage="50% (1/2)" hits="1124" number="48">
<conditions>
<condition coverage="50%" number="0" type="jump"/>
</conditions>
</line>
<line branch="false" hits="1124" number="49"/>
<line branch="true" condition-coverage="50% (1/2)" hits="1124" number="50">
<conditions>
<condition coverage="50%" number="0" type="jump"/>
</conditions>
</line>
<line branch="false" hits="1124" number="52"/>
<line branch="false" hits="179" number="56"/>
<line branch="false" hits="179" number="57"/>
<line branch="true" condition-coverage="50% (1/2)" hits="179" number="59">
<conditions>
<condition coverage="50%" number="0" type="jump"/>
</conditions>
</line>
<line branch="false" hits="179" number="60"/>
<line branch="false" hits="179" number="61"/>
<line branch="true" condition-coverage="50% (1/2)" hits="179" number="62">
<conditions>
<condition coverage="50%" number="0" type="jump"/>
</conditions>
</line>
<line branch="false" hits="179" number="63"/>
<line branch="true" condition-coverage="50% (1/2)" hits="179" number="64">
<conditions>
<condition coverage="50%" number="0" type="jump"/>
</conditions>
</line>
<line branch="true" condition-coverage="50% (1/2)" hits="179" number="65">
<conditions>
<condition coverage="50%" number="0" type="jump"/>
</conditions>
</line>
<line branch="false" hits="179" number="66"/>
<line branch="false" hits="190" number="70"/>
<line branch="false" hits="190" number="72"/>
<line branch="true" condition-coverage="50% (1/2)" hits="190" number="74">
<conditions>
<condition coverage="50%" number="0" type="jump"/>
</conditions>
</line>
<line branch="false" hits="190" number="75"/>
<line branch="false" hits="190" number="76"/>
<line branch="true" condition-coverage="50% (1/2)" hits="190" number="77">
<conditions>
<condition coverage="50%" number="0" type="jump"/>
</conditions>
</line>
<line branch="false" hits="190" number="78"/>
<line branch="true" condition-coverage="50% (1/2)" hits="190" number="79">
<conditions>
<condition coverage="50%" number="0" type="jump"/>
</conditions>
</line>
<line branch="true" condition-coverage="50% (1/2)" hits="190" number="80">
<conditions>
<condition coverage="50%" number="0" type="jump"/>
</conditions>
</line>
<line branch="false" hits="190" number="81"/>
<line branch="false" hits="3126" number="84"/>
<line branch="true" condition-coverage="50% (8/16)" hits="3126" number="86">
<conditions>
<condition coverage="50%" number="0" type="jump"/>
</conditions>
</line>
<line branch="false" hits="3126" number="87"/>
<line branch="true" condition-coverage="50% (2/4)" hits="198" number="88">
<conditions>
<condition coverage="50%" number="0" type="jump"/>
</conditions>
</line>
</lines>
</class>
<class branch-rate="0.5" complexity="0.0" filename="expression.hpp" line-rate="1.0" name="expression_hpp">
<methods/>
<lines>
<line branch="true" condition-coverage="50% (2/4)" hits="310352" number="8">
<conditions>
<condition coverage="50%" number="0" type="jump"/>
</conditions>
</line>
</lines>
</class>
<class branch-rate="0.7272727272727273" complexity="0.0" filename="interpreter.cpp" line-rate="1.0" name="interpreter_cpp">
<methods/>
<lines>
<line branch="true" condition-coverage="50% (2/4)" hits="5549" number="4">
<conditions>
<condition coverage="50%" number="0" type="jump"/>
</conditions>
</line>
<line branch="true" condition-coverage="50% (1/2)" hits="11098" number="6">
<conditions>
<condition coverage="50%" number="0" type="jump"/>
</conditions>
</line>
<line branch="false" hits="5549" number="7"/>
<line branch="false" hits="5549" number="8"/>
<line branch="false" hits="5549" number="9"/>
<line branch="false" hits="5712" number="12"/>
<line branch="false" hits="11424" number="14"/>
<line branch="false" hits="11424" number="15"/>
<line branch="false" hits="5712" number="16"/>
<line branch="false" hits="5712" number="18"/>
<line branch="false" hits="5712" number="19"/>
<line branch="true" condition-coverage="100% (2/2)" hits="50554" number="20">
<conditions>
<condition coverage="100%" number="0" type="jump"/>
</conditions>
</line>
<line branch="true" condition-coverage="100% (2/2)" hits="44842" number="22">
<conditions>
<condition coverage="100%" number="0" type="jump"/>
</conditions>
</line>
<line branch="false" hits="10293" number="24"/>
<line branch="true" condition-coverage="100% (2/2)" hits="44842" number="26">
<conditions>
<condition coverage="100%" number="0" type="jump"/>
</conditions>
</line>
<line branch="false" hits="10200" number="28"/>
<line branch="true" condition-coverage="100% (4/4)" hits="5712" number="31">
<conditions>
<condition coverage="100%" number="0" type="jump"/>
</conditions>
</line>
<line branch="false" hits="5376" number="34"/>
<line branch="true" condition-coverage="87% (7/8)" hits="5712" number="37">
<conditions>
<condition coverage="87%" number="0" type="jump"/>
</conditions>
</line>
<line branch="false" hits="11424" number="38"/>
<line branch="false" hits="33278" number="41"/>
<line branch="true" condition-coverage="50% (1/2)" hits="66556" number="44">
<conditions>
<condition coverage="50%" number="0" type="jump"/>
</conditions>
</line>
<line branch="true" condition-coverage="50% (1/2)" hits="33278" number="45">
<conditions>
<condition coverage="50%" number="0" type="jump"/>
</conditions>
</line>
<line branch="true" condition-coverage="75% (3/4)" hits="33278" number="47">
<conditions>
<condition coverage="75%" number="0" type="jump"/>
</conditions>
</line>
<line branch="true" condition-coverage="50% (1/2)" hits="19594" number="49">
<conditions>
<condition coverage="50%" number="0" type="jump"/>
</conditions>
</line>
<line branch="false" hits="9797" number="50"/>
<line branch="true" condition-coverage="75% (3/4)" hits="65601" number="51">
<conditions>
<condition coverage="75%" number="0" type="jump"/>
</conditions>
</line>
<line branch="false" hits="27902" number="53"/>
<line branch="true" condition-coverage="50% (2/4)" hits="27902" number="57">
<conditions>
<condition coverage="50%" number="0" type="jump"/>
</conditions>
</line>
<line branch="true" condition-coverage="100% (2/2)" hits="9797" number="60">
<conditions>
<condition coverage="100%" number="0" type="jump"/>
</conditions>
</line>
<line branch="false" hits="62" number="62"/>
<line branch="true" condition-coverage="50% (1/2)" hits="9797" number="64">
<conditions>
<condition coverage="50%" number="0" type="jump"/>
</conditions>
</line>
<line branch="false" hits="9797" number="65"/>
<line branch="true" condition-coverage="50% (2/4)" hits="23481" number="70">
<conditions>
<condition coverage="50%" number="0" type="jump"/>
</conditions>
</line>
<line branch="false" hits="5066" number="77"/>
<line branch="false" hits="5066" number="79"/>
<line branch="true" condition-coverage="100% (2/2)" hits="5066" number="80">
<conditions>
<condition coverage="100%" number="0" type="jump"/>
</conditions>
</line>
<line branch="true" condition-coverage="50% (1/2)" hits="3110" number="81">
<conditions>
<condition coverage="50%" number="0" type="jump"/>
</conditions>
</line>
<line branch="false" hits="3110" number="82"/>
<line branch="false" hits="40069" number="86"/>
<line branch="true" condition-coverage="100% (2/2)" hits="47137" number="89">
<conditions>
<condition coverage="100%" number="0" type="jump"/>
</conditions>
</line>
<line branch="true" condition-coverage="100% (2/2)" hits="35500" number="92">
<conditions>
<condition coverage="100%" number="0" type="jump"/>
</conditions>
</line>
<line branch="true" condition-coverage="50% (1/2)" hits="26569" number="95">
<conditions>
<condition coverage="50%" number="0" type="jump"/>
</conditions>
</line>
<line branch="true" condition-coverage="75% (3/4)" hits="26569" number="98">
<conditions>
<condition coverage="75%" number="0" type="jump"/>
</conditions>
</line>
<line branch="true" condition-coverage="100% (2/2)" hits="1490" number="100">
<conditions>
<condition coverage="100%" number="0" type="jump"/>
</conditions>
</line>
<line branch="true" condition-coverage="100% (2/2)" hits="25079" number="103">
<conditions>
<condition coverage="100%" number="0" type="jump"/>
</conditions>
</line>
<line branch="false" hits="17862" number="107"/>
<line branch="true" condition-coverage="100% (2/2)" hits="34638" number="108">
<conditions>
<condition coverage="100%" number="0" type="jump"/>
</conditions>
</line>
<line branch="true" condition-coverage="50% (1/2)" hits="25707" number="110">
<conditions>
<condition coverage="50%" number="0" type="jump"/>
</conditions>
</line>
<line branch="true" condition-coverage="75% (3/4)" hits="10794" number="113">
<conditions>
<condition coverage="75%" number="0" type="jump"/>
</conditions>
</line>
<line branch="false" hits="30768" number="115"/>
<line branch="false" hits="8169" number="118"/>
<line branch="false" hits="8169" number="120"/>
<line branch="false" hits="8169" number="121"/>
<line branch="false" hits="8169" number="122"/>
<line branch="false" hits="8169" number="123"/>
<line branch="true" condition-coverage="100% (2/2)" hits="18380" number="124">
<conditions>
<condition coverage="100%" number="0" type="jump"/>
</conditions>
</line>
<line branch="true" condition-coverage="75% (3/4)" hits="10242" number="126">
<conditions>
<condition coverage="75%" number="0" type="jump"/>
</conditions>
</line>
<line branch="false" hits="93" number="128"/>
<line branch="true" condition-coverage="75% (3/4)" hits="10242" number="130">
<conditions>
<condition coverage="75%" number="0" type="jump"/>
</conditions>
</line>
<line branch="false" hits="475" number="132"/>
<line branch="true" condition-coverage="75% (3/4)" hits="10242" number="134">
<conditions>
<condition coverage="75%" number="0" type="jump"/>
</conditions>
</line>
<line branch="false" hits="93" number="136"/>
<line branch="true" condition-coverage="75% (3/4)" hits="10242" number="138">
<conditions>
<condition coverage="75%" number="0" type="jump"/>
</conditions>
</line>
<line branch="false" hits="62" number="140"/>
<line branch="true" condition-coverage="74% (43/58)" hits="10242" number="142">
<conditions>
<condition coverage="74%" number="0" type="jump"/>
</conditions>
</line>
<line branch="true" condition-coverage="50% (4/8)" hits="10211" number="144">
<conditions>
<condition coverage="50%" number="0" type="jump"/>
</conditions>
</line>
<line branch="false" hits="10211" number="146"/>
<line branch="false" hits="31" number="149"/>
<line branch="false" hits="31" number="150"/>
<line branch="true" condition-coverage="50% (1/2)" hits="8138" number="153">
<conditions>
<condition coverage="50%" number="0" type="jump"/>
</conditions>
</line>
<line branch="false" hits="8138" number="154"/>
<line branch="false" hits="8931" number="158"/>
<line branch="true" condition-coverage="100% (16/16)" hits="8931" number="160">
<conditions>
<condition coverage="100%" number="0" type="jump"/>
</conditions>
</line>
<line branch="true" condition-coverage="75% (3/4)" hits="2532" number="163">
<conditions>
<condition coverage="75%" number="0" type="jump"/>
</conditions>
</line>
<line branch="false" hits="1168" number="164"/>
<line branch="true" condition-coverage="50% (1/2)" hits="2336" number="165">
<conditions>
<condition coverage="50%" number="0" type="jump"/>
</conditions>
</line>
<line branch="true" condition-coverage="50% (1/2)" hits="1168" number="166">
<conditions>
<condition coverage="50%" number="0" type="jump"/>
</conditions>
</line>
<line branch="true" condition-coverage="100% (18/18)" hits="7081" number="169">
<conditions>
<condition coverage="100%" number="0" type="jump"/>
</conditions>
</line>
<line branch="true" condition-coverage="75% (3/4)" hits="1829" number="172">
<conditions>
<condition coverage="75%" number="0" type="jump"/>
</conditions>
</line>
<line branch="false" hits="1147" number="173"/>
<line branch="true" condition-coverage="50% (1/2)" hits="2294" number="174">
<conditions>
<condition coverage="50%" number="0" type="jump"/>
</conditions>
</line>
<line branch="true" condition-coverage="50% (1/2)" hits="1147" number="175">
<conditions>
<condition coverage="50%" number="0" type="jump"/>
</conditions>
</line>
<line branch="true" condition-coverage="100% (8/8)" hits="5593" number="177">
<conditions>
<condition coverage="100%" number="0" type="jump"/>
</conditions>
</line>
<line branch="true" condition-coverage="50% (1/2)" hits="2492" number="179">
<conditions>
<condition coverage="50%" number="0" type="jump"/>
</conditions>
</line>
<line branch="true" condition-coverage="66% (4/6)" hits="1246" number="180">
<conditions>
<condition coverage="66%" number="0" type="jump"/>
</conditions>
</line>
<line branch="false" hits="1015" number="181"/>
<line branch="true" condition-coverage="50% (1/2)" hits="1015" number="182">
<conditions>
<condition coverage="50%" number="0" type="jump"/>
</conditions>
</line>
<line branch="true" condition-coverage="100% (2/2)" hits="4347" number="184">
<conditions>
<condition coverage="100%" number="0" type="jump"/>
</conditions>
</line>
<line branch="false" hits="502" number="186"/>
<line branch="true" condition-coverage="50% (1/2)" hits="502" number="187">
<conditions>
<condition coverage="50%" number="0" type="jump"/>
</conditions>
</line>
<line branch="false" hits="251" number="188"/>
<line branch="true" condition-coverage="50% (1/2)" hits="251" number="189">
<conditions>
<condition coverage="50%" number="0" type="jump"/>
</conditions>
</line>
<line branch="true" condition-coverage="75% (3/4)" hits="313" number="190">
<conditions>
<condition coverage="75%" number="0" type="jump"/>
</conditions>
</line>
<line branch="true" condition-coverage="100% (2/2)" hits="409" number="191">
<conditions>
<condition coverage="100%" number="0" type="jump"/>
</conditions>
</line>
<line branch="true" condition-coverage="50% (1/2)" hits="220" number="193">
<conditions>
<condition coverage="50%" number="0" type="jump"/>
</conditions>
</line>
<line branch="true" condition-coverage="100% (2/2)" hits="4096" number="197">
<conditions>
<condition coverage="100%" number="0" type="jump"/>
</conditions>
</line>
<line branch="true" condition-coverage="50% (1/2)" hits="652" number="199">
<conditions>
<condition coverage="50%" number="0" type="jump"/>
</conditions>
</line>
<line branch="true" condition-coverage="66% (4/6)" hits="326" number="200">
<conditions>
<condition coverage="66%" number="0" type="jump"/>
</conditions>
</line>
<line branch="false" hits="217" number="201"/>
<line branch="true" condition-coverage="50% (1/2)" hits="217" number="202">
<conditions>
<condition coverage="50%" number="0" type="jump"/>
</conditions>
</line>
<line branch="true" condition-coverage="100% (2/2)" hits="3770" number="204">
<conditions>
<condition coverage="100%" number="0" type="jump"/>
</conditions>
</line>
<line branch="true" condition-coverage="50% (1/2)" hits="3594" number="206">
<conditions>
<condition coverage="50%" number="0" type="jump"/>
</conditions>
</line>
<line branch="true" condition-coverage="66% (4/6)" hits="1797" number="207">
<conditions>
<condition coverage="66%" number="0" type="jump"/>
</conditions>
</line>
<line branch="false" hits="1582" number="208"/>
<line branch="true" condition-coverage="50% (1/2)" hits="1582" number="209">
<conditions>
<condition coverage="50%" number="0" type="jump"/>
</conditions>
</line>
<line branch="true" condition-coverage="100% (2/2)" hits="1973" number="211">
<conditions>
<condition coverage="100%" number="0" type="jump"/>
</conditions>
</line>
<line branch="true" condition-coverage="50% (1/2)" hits="1902" number="213">
<conditions>
<condition coverage="50%" number="0" type="jump"/>
</conditions>
</line>
<line branch="true" condition-coverage="66% (4/6)" hits="951" number="214">
<conditions>
<condition coverage="66%" number="0" type="jump"/>
</conditions>
</line>
<line branch="false" hits="925" number="215"/>
<line branch="true" condition-coverage="50% (1/2)" hits="925" number="216">
<conditions>
<condition coverage="50%" number="0" type="jump"/>
</conditions>
</line>
<line branch="true" condition-coverage="100% (2/2)" hits="1022" number="218">
<conditions>
<condition coverage="100%" number="0" type="jump"/>
</conditions>
</line>
<line branch="true" condition-coverage="50% (1/2)" hits="1828" number="220">
<conditions>
<condition coverage="50%" number="0" type="jump"/>
</conditions>
</line>
<line branch="true" condition-coverage="66% (4/6)" hits="914" number="221">
<conditions>
<condition coverage="66%" number="0" type="jump"/>
</conditions>
</line>
<line branch="false" hits="825" number="222"/>
<line branch="true" condition-coverage="50% (1/2)" hits="825" number="223">
<conditions>
<condition coverage="50%" number="0" type="jump"/>
</conditions>
</line>
<line branch="true" condition-coverage="50% (2/4)" hits="108" number="227">
<conditions>
<condition coverage="50%" number="0" type="jump"/>
</conditions>
</line>
<line branch="false" hits="108" number="228"/>
<line branch="false" hits="7068" number="230"/>
<line branch="false" hits="1490" number="232"/>
<line branch="true" condition-coverage="100% (2/2)" hits="1490" number="235">
<conditions>
<condition coverage="100%" number="0" type="jump"/>
</conditions>
</line>
<line branch="false" hits="2608" number="237"/>
<line branch="true" condition-coverage="50% (1/2)" hits="1304" number="238">
<conditions>
<condition coverage="50%" number="0" type="jump"/>
</conditions>
</line>
<line branch="true" condition-coverage="50% (1/2)" hits="2608" number="239">
<conditions>
<condition coverage="50%" number="0" type="jump"/>
</conditions>
</line>
<line branch="true" condition-coverage="66% (4/6)" hits="1304" number="240">
<conditions>
<condition coverage="66%" number="0" type="jump"/>
</conditions>
</line>
<line branch="true" condition-coverage="50% (1/2)" hits="1211" number="241">
<conditions>
<condition coverage="50%" number="0" type="jump"/>
</conditions>
</line>
<line branch="false" hits="186" number="245"/>
<line branch="true" condition-coverage="100% (2/2)" hits="1335" number="248">
<conditions>
<condition coverage="100%" number="0" type="jump"/>
</conditions>
</line>
<line branch="false" hits="839" number="250"/>
<line branch="false" hits="839" number="251"/>
<line branch="false" hits="839" number="253"/>
<line branch="false" hits="496" number="258"/>
<line branch="false" hits="496" number="259"/>
<line branch="false" hits="496" number="261"/>
<line branch="false" hits="1335" number="263"/>
<line branch="false" hits="23481" number="265"/>
<line branch="false" hits="23481" number="267"/>
<line branch="true" condition-coverage="75% (3/4)" hits="23481" number="268">
<conditions>
<condition coverage="75%" number="0" type="jump"/>
</conditions>
</line>
<line branch="true" condition-coverage="50% (1/2)" hits="3088" number="270">
<conditions>
<condition coverage="50%" number="0" type="jump"/>
</conditions>
</line>
<line branch="true" condition-coverage="50% (1/2)" hits="1544" number="271">
<conditions>
<condition coverage="50%" number="0" type="jump"/>
</conditions>
</line>
<line branch="true" condition-coverage="75% (3/4)" hits="21937" number="274">
<conditions>
<condition coverage="75%" number="0" type="jump"/>
</conditions>
</line>
<line branch="true" condition-coverage="50% (1/2)" hits="1694" number="276">
<conditions>
<condition coverage="50%" number="0" type="jump"/>
</conditions>
</line>
<line branch="true" condition-coverage="50% (1/2)" hits="847" number="277">
<conditions>
<condition coverage="50%" number="0" type="jump"/>
</conditions>
</line>
<line branch="true" condition-coverage="73% (38/52)" hits="21090" number="279">
<conditions>
<condition coverage="73%" number="0" type="jump"/>
</conditions>
</line>
<line branch="true" condition-coverage="50% (3/6)" hits="16338" number="282">
<conditions>
<condition coverage="50%" number="0" type="jump"/>
</conditions>
</line>
<line branch="true" condition-coverage="50% (1/2)" hits="8169" number="283">
<conditions>
<condition coverage="50%" number="0" type="jump"/>
</conditions>
</line>
<line branch="true" condition-coverage="50% (1/2)" hits="25842" number="287">
<conditions>
<condition coverage="50%" number="0" type="jump"/>
</conditions>
</line>
<line branch="true" condition-coverage="50% (1/2)" hits="12921" number="288">
<conditions>
<condition coverage="50%" number="0" type="jump"/>
</conditions>
</line>
<line branch="true" condition-coverage="50% (2/4)" hits="23661" number="290">
<conditions>
<condition coverage="50%" number="0" type="jump"/>
</conditions>
</line>
</lines>
</class>
<class branch-rate="0.25" complexity="0.0" filename="interpreter.hpp" line-rate="1.0" name="interpreter_hpp">
<methods/>
<lines>
<line branch="true" condition-coverage="25% (1/4)" hits="203676" number="18">
<conditions>
<condition coverage="25%" number="0" type="jump"/>
</conditions>
</line>
<line branch="false" hits="1306" number="25"/>
</lines>
</class>
<class branch-rate="0.5" complexity="0.0" filename="interpreter_semantic_error.hpp" line-rate="1.0" name="interpreter_semantic_error_hpp">
<methods/>
<lines>
<line branch="true" condition-coverage="50% (1/2)" hits="4923" number="7">
<conditions>
<condition coverage="50%" number="0" type="jump"/>
</conditions>
</line>
<line branch="false" hits="1142" number="9"/>
</lines>
</class>
<class branch-rate="0.4895833333333333" complexity="0.0" filename="main_window.cpp" line-rate="0.9722222222222222" name="main_window_cpp">
<methods/>
<lines>
<line branch="true" condition-coverage="50% (1/2)" hits="2" number="5">
<conditions>
<condition coverage="50%" number="0" type="jump"/>
</conditions>
</line>
<line branch="true" condition-coverage="50% (1/2)" hits="2" number="7">
<conditions>
<condition coverage="50%" number="0" type="jump"/>
</conditions>
</line>
<line branch="true" condition-coverage="50% (2/4)" hits="2" number="8">
<conditions>
<condition coverage="50%" number="0" type="jump"/>
</conditions>
</line>
<line branch="true" condition-coverage="50% (2/4)" hits="2" number="9">
<conditions>
<condition coverage="50%" number="0" type="jump"/>
</conditions>
</line>
<line branch="true" condition-coverage="50% (2/4)" hits="2" number="10">
<conditions>
<condition coverage="50%" number="0" type="jump"/>
</conditions>
</line>
<line branch="true" condition-coverage="50% (2/4)" hits="2" number="11">
<conditions>
<condition coverage="50%" number="0" type="jump"/>
</conditions>
</line>
<line branch="true" condition-coverage="50% (2/4)" hits="2" number="12">
<conditions>
<condition coverage="50%" number="0" type="jump"/>
</conditions>
</line>
<line branch="true" condition-coverage="50% (1/2)" hits="2" number="13">
<conditions>
<condition coverage="50%" number="0" type="jump"/>
</conditions>
</line>
<line branch="true" condition-coverage="50% (1/2)" hits="2" number="14">
<conditions>
[...]
<line branch="false" hits="0" number="111"/>
</lines>
</class>
<class branch-rate="0.0" complexity="0.0" filename="_build/moc_main_window.cpp" line-rate="0.0" name="moc_main_window_cpp">
<methods/>
<lines>
<line branch="false" hits="0" number="55"/>
<line branch="false" hits="0" number="69"/>
<line branch="true" condition-coverage="0% (0/2)" hits="0" number="71">
<conditions>
<condition coverage="0%" number="0" type="jump"/>
</conditions>
</line>
<line branch="false" hits="0" number="74"/>
<line branch="true" condition-coverage="0% (0/2)" hits="0" number="76">
<conditions>
<condition coverage="0%" number="0" type="jump"/>
</conditions>
</line>
<line branch="true" condition-coverage="0% (0/2)" hits="0" number="77">
<conditions>
<condition coverage="0%" number="0" type="jump"/>
</conditions>
</line>
<line branch="false" hits="0" number="78"/>
<line branch="false" hits="0" number="79"/>
<line branch="false" hits="0" number="82"/>
<line branch="false" hits="0" number="84"/>
<line branch="true" condition-coverage="0% (0/2)" hits="0" number="85">
<conditions>
<condition coverage="0%" number="0" type="jump"/>
</conditions>
</line>
<line branch="false" hits="0" number="86"/>
<line branch="false" hits="0" number="87"/>
</lines>
</class>
<class branch-rate="0.24" complexity="0.0" filename="_build/moc_message_widget.cpp" line-rate="0.3333333333333333" name="moc_message_widget_cpp">
<methods/>
<lines>
<line branch="false" hits="279" number="67"/>
<line branch="true" condition-coverage="50% (1/2)" hits="279" number="69">
<conditions>
<condition coverage="50%" number="0" type="jump"/>
</conditions>
</line>
<line branch="false" hits="279" number="70"/>
<line branch="true" condition-coverage="66% (2/3)" hits="279" number="72">
<conditions>
<condition coverage="66%" number="0" type="jump"/>
</conditions>
</line>
<line branch="true" condition-coverage="50% (1/2)" hits="185" number="73">
<conditions>
<condition coverage="50%" number="0" type="jump"/>
</conditions>
</line>
<line branch="true" condition-coverage="50% (1/2)" hits="94" number="74">
<conditions>
<condition coverage="50%" number="0" type="jump"/>
</conditions>
</line>
<line branch="false" hits="279" number="78"/>
<line branch="false" hits="471" number="86"/>
<line branch="true" condition-coverage="50% (1/2)" hits="471" number="88">
<conditions>
<condition coverage="50%" number="0" type="jump"/>
</conditions>
</line>
<line branch="false" hits="0" number="91"/>
<line branch="true" condition-coverage="0% (0/2)" hits="0" number="93">
<conditions>
<condition coverage="0%" number="0" type="jump"/>
</conditions>
</line>
<line branch="true" condition-coverage="0% (0/2)" hits="0" number="94">
<conditions>
<condition coverage="0%" number="0" type="jump"/>
</conditions>
</line>
<line branch="false" hits="0" number="95"/>
<line branch="false" hits="0" number="96"/>
<line branch="false" hits="0" number="99"/>
<line branch="false" hits="0" number="101"/>
<line branch="true" condition-coverage="0% (0/2)" hits="0" number="102">
<conditions>
<condition coverage="0%" number="0" type="jump"/>
</conditions>
</line>
<line branch="false" hits="0" number="103"/>
<line branch="true" condition-coverage="0% (0/2)" hits="0" number="104">
<conditions>
<condition coverage="0%" number="0" type="jump"/>
</conditions>
</line>
<line branch="true" condition-coverage="0% (0/2)" hits="0" number="105">
<conditions>
<condition coverage="0%" number="0" type="jump"/>
</conditions>
</line>
<line branch="false" hits="0" number="106"/>
<line branch="false" hits="0" number="107"/>
<line branch="true" condition-coverage="0% (0/2)" hits="0" number="108">
<conditions>
<condition coverage="0%" number="0" type="jump"/>
</conditions>
</line>
<line branch="true" condition-coverage="0% (0/2)" hits="0" number="109">
<conditions>
<condition coverage="0%" number="0" type="jump"/>
</conditions>
</line>
<line branch="false" hits="0" number="110"/>
<line branch="false" hits="0" number="111"/>
<line branch="false" hits="0" number="113"/>
</lines>
</class>
<class branch-rate="0.02857142857142857" complexity="0.0" filename="_build/moc_mylineitem.cpp" line-rate="0.20512820512820512" name="moc_mylineitem_cpp">
<methods/>
<lines>
<line branch="false" hits="0" number="66"/>
<line branch="true" condition-coverage="0% (0/2)" hits="0" number="68">
<conditions>
<condition coverage="0%" number="0" type="jump"/>
</conditions>
</line>
<line branch="false" hits="0" number="69"/>
<line branch="true" condition-coverage="0% (0/3)" hits="0" number="71">
<conditions>
<condition coverage="0%" number="0" type="jump"/>
</conditions>
</line>
<line branch="false" hits="0" number="72"/>
<line branch="false" hits="0" number="73"/>
<line branch="true" condition-coverage="0% (0/2)" hits="0" number="76">
<conditions>
<condition coverage="0%" number="0" type="jump"/>
</conditions>
</line>
<line branch="false" hits="0" number="77"/>
<line branch="false" hits="0" number="78"/>
<line branch="true" condition-coverage="0% (0/6)" hits="0" number="81">
<conditions>
<condition coverage="0%" number="0" type="jump"/>
</conditions>
</line>
<line branch="false" hits="0" number="82"/>
<line branch="true" condition-coverage="0% (0/6)" hits="0" number="87">
<conditions>
<condition coverage="0%" number="0" type="jump"/>
</conditions>
</line>
<line branch="false" hits="0" number="88"/>
<line branch="false" hits="44245" number="101"/>
<line branch="true" condition-coverage="50% (1/2)" hits="44245" number="103">
<conditions>
<condition coverage="50%" number="0" type="jump"/>
</conditions>
</line>
<line branch="false" hits="0" number="106"/>
<line branch="true" condition-coverage="0% (0/2)" hits="0" number="108">
<conditions>
<condition coverage="0%" number="0" type="jump"/>
</conditions>
</line>
<line branch="true" condition-coverage="0% (0/2)" hits="0" number="109">
<conditions>
<condition coverage="0%" number="0" type="jump"/>
</conditions>
</line>
<line branch="false" hits="0" number="110"/>
<line branch="false" hits="0" number="111"/>
<line branch="false" hits="0" number="114"/>
<line branch="false" hits="0" number="116"/>
<line branch="true" condition-coverage="0% (0/2)" hits="0" number="117">
<conditions>
<condition coverage="0%" number="0" type="jump"/>
</conditions>
</line>
<line branch="false" hits="0" number="118"/>
<line branch="true" condition-coverage="0% (0/2)" hits="0" number="119">
<conditions>
<condition coverage="0%" number="0" type="jump"/>
</conditions>
</line>
<line branch="true" condition-coverage="0% (0/2)" hits="0" number="120">
<conditions>
<condition coverage="0%" number="0" type="jump"/>
</conditions>
</line>
<line branch="false" hits="0" number="121"/>
<line branch="false" hits="0" number="122"/>
<line branch="true" condition-coverage="0% (0/2)" hits="0" number="123">
<conditions>
<condition coverage="0%" number="0" type="jump"/>
</conditions>
</line>
<line branch="true" condition-coverage="0% (0/2)" hits="0" number="124">
<conditions>
<condition coverage="0%" number="0" type="jump"/>
</conditions>
</line>
<line branch="false" hits="0" number="125"/>
<line branch="false" hits="0" number="126"/>
<line branch="false" hits="0" number="128"/>
<line branch="false" hits="32" number="132"/>
<line branch="false" hits="32" number="134"/>
<line branch="false" hits="32" number="135"/>
<line branch="false" hits="32" number="138"/>
<line branch="false" hits="32" number="140"/>
<line branch="false" hits="32" number="141"/>
</lines>
</class>
<class branch-rate="0.11475409836065574" complexity="0.0" filename="_build/moc_qt_interpreter.cpp" line-rate="0.3508771929824561" name="moc_qt_interpreter_cpp">
<methods/>
<lines>
<line branch="false" hits="257" number="82"/>
<line branch="true" condition-coverage="50% (1/2)" hits="257" number="84">
<conditions>
<condition coverage="50%" number="0" type="jump"/>
</conditions>
</line>
<line branch="false" hits="257" number="85"/>
<line branch="true" condition-coverage="20% (1/5)" hits="257" number="87">
<conditions>
<condition coverage="20%" number="0" type="jump"/>
</conditions>
</line>
<line branch="false" hits="0" number="88"/>
<line branch="true" condition-coverage="0% (0/2)" hits="0" number="89">
<conditions>
<condition coverage="0%" number="0" type="jump"/>
</conditions>
</line>
<line branch="true" condition-coverage="0% (0/2)" hits="0" number="90">
<conditions>
<condition coverage="0%" number="0" type="jump"/>
</conditions>
</line>
<line branch="true" condition-coverage="50% (1/2)" hits="257" number="91">
<conditions>
<condition coverage="50%" number="0" type="jump"/>
</conditions>
</line>
<line branch="true" condition-coverage="0% (0/2)" hits="0" number="94">
<conditions>
<condition coverage="0%" number="0" type="jump"/>
</conditions>
</line>
<line branch="true" condition-coverage="0% (0/2)" hits="0" number="95">
<conditions>
<condition coverage="0%" number="0" type="jump"/>
</conditions>
</line>
<line branch="false" hits="0" number="96"/>
<line branch="true" condition-coverage="0% (0/2)" hits="0" number="98">
<conditions>
<condition coverage="0%" number="0" type="jump"/>
</conditions>
</line>
<line branch="false" hits="0" number="99"/>
<line branch="false" hits="0" number="101"/>
<line branch="false" hits="0" number="103"/>
<line branch="true" condition-coverage="0% (0/2)" hits="0" number="105">
<conditions>
<condition coverage="0%" number="0" type="jump"/>
</conditions>
</line>
<line branch="false" hits="0" number="106"/>
<line branch="false" hits="0" number="107"/>
<line branch="true" condition-coverage="0% (0/6)" hits="0" number="110">
<conditions>
<condition coverage="0%" number="0" type="jump"/>
</conditions>
</line>
<line branch="false" hits="0" number="111"/>
<line branch="true" condition-coverage="0% (0/6)" hits="0" number="116">
<conditions>
<condition coverage="0%" number="0" type="jump"/>
</conditions>
</line>
<line branch="false" hits="0" number="117"/>
<line branch="true" condition-coverage="0% (0/6)" hits="0" number="122">
<conditions>
<condition coverage="0%" number="0" type="jump"/>
</conditions>
</line>
<line branch="false" hits="0" number="123"/>
<line branch="false" hits="257" number="127"/>
<line branch="false" hits="641" number="135"/>
<line branch="true" condition-coverage="50% (1/2)" hits="641" number="137">
<conditions>
<condition coverage="50%" number="0" type="jump"/>
</conditions>
</line>
<line branch="false" hits="0" number="140"/>
<line branch="true" condition-coverage="0% (0/2)" hits="0" number="142">
<conditions>
<condition coverage="0%" number="0" type="jump"/>
</conditions>
</line>
<line branch="true" condition-coverage="0% (0/2)" hits="0" number="143">
<conditions>
<condition coverage="0%" number="0" type="jump"/>
</conditions>
</line>
<line branch="false" hits="0" number="144"/>
<line branch="false" hits="0" number="145"/>
<line branch="false" hits="0" number="148"/>
<line branch="false" hits="0" number="150"/>
<line branch="true" condition-coverage="0% (0/2)" hits="0" number="151">
<conditions>
<condition coverage="0%" number="0" type="jump"/>
</conditions>
</line>
<line branch="false" hits="0" number="152"/>
<line branch="true" condition-coverage="0% (0/2)" hits="0" number="153">
<conditions>
<condition coverage="0%" number="0" type="jump"/>
</conditions>
</line>
<line branch="true" condition-coverage="0% (0/2)" hits="0" number="154">
<conditions>
<condition coverage="0%" number="0" type="jump"/>
</conditions>
</line>
<line branch="false" hits="0" number="155"/>
<line branch="false" hits="0" number="156"/>
<line branch="true" condition-coverage="0% (0/2)" hits="0" number="157">
<conditions>
<condition coverage="0%" number="0" type="jump"/>
</conditions>
</line>
<line branch="true" condition-coverage="0% (0/2)" hits="0" number="158">
<conditions>
<condition coverage="0%" number="0" type="jump"/>
</conditions>
</line>
<line branch="false" hits="0" number="159"/>
<line branch="false" hits="0" number="160"/>
<line branch="false" hits="0" number="162"/>
<line branch="false" hits="83" number="166"/>
<line branch="false" hits="83" number="168"/>
<line branch="true" condition-coverage="50% (1/2)" hits="83" number="169">
<conditions>
<condition coverage="50%" number="0" type="jump"/>
</conditions>
</line>
<line branch="false" hits="83" number="170"/>
<line branch="false" hits="185" number="173"/>
<line branch="false" hits="185" number="175"/>
<line branch="true" condition-coverage="50% (1/2)" hits="185" number="176">
<conditions>
<condition coverage="50%" number="0" type="jump"/>
</conditions>
</line>
<line branch="false" hits="185" number="177"/>
<line branch="false" hits="94" number="180"/>
<line branch="false" hits="94" number="182"/>
<line branch="true" condition-coverage="50% (1/2)" hits="94" number="183">
<conditions>
<condition coverage="50%" number="0" type="jump"/>
</conditions>
</line>
<line branch="false" hits="94" number="184"/>
</lines>
</class>
<class branch-rate="0.20512820512820512" complexity="0.0" filename="_build/moc_repl_widget.cpp" line-rate="0.3684210526315789" name="moc_repl_widget_cpp">
<methods/>
<lines>
<line branch="false" hits="321" number="77"/>
<line branch="true" condition-coverage="50% (1/2)" hits="321" number="79">
<conditions>
<condition coverage="50%" number="0" type="jump"/>
</conditions>
</line>
<line branch="false" hits="321" number="80"/>
<line branch="true" condition-coverage="60% (3/5)" hits="321" number="82">
<conditions>
<condition coverage="60%" number="0" type="jump"/>
</conditions>
</line>
<line branch="true" condition-coverage="0% (0/2)" hits="0" number="83">
<conditions>
<condition coverage="0%" number="0" type="jump"/>
</conditions>
</line>
<line branch="false" hits="32" number="84"/>
<line branch="false" hits="32" number="85"/>
<line branch="false" hits="257" number="86"/>
<line branch="true" condition-coverage="0% (0/2)" hits="0" number="89">
<conditions>
<condition coverage="0%" number="0" type="jump"/>
</conditions>
</line>
<line branch="false" hits="0" number="90"/>
<line branch="false" hits="0" number="91"/>
<line branch="true" condition-coverage="0% (0/6)" hits="0" number="94">
<conditions>
<condition coverage="0%" number="0" type="jump"/>
</conditions>
</line>
<line branch="false" hits="0" number="95"/>
<line branch="false" hits="321" number="99"/>
<line branch="false" hits="585" number="107"/>
<line branch="true" condition-coverage="50% (1/2)" hits="585" number="109">
<conditions>
<condition coverage="50%" number="0" type="jump"/>
</conditions>
</line>
<line branch="false" hits="0" number="112"/>
<line branch="true" condition-coverage="0% (0/2)" hits="0" number="114">
<conditions>
<condition coverage="0%" number="0" type="jump"/>
</conditions>
</line>
<line branch="true" condition-coverage="0% (0/2)" hits="0" number="115">
<conditions>
<condition coverage="0%" number="0" type="jump"/>
</conditions>
</line>
<line branch="false" hits="0" number="116"/>
<line branch="false" hits="0" number="117"/>
<line branch="false" hits="0" number="120"/>
<line branch="false" hits="0" number="122"/>
<line branch="true" condition-coverage="0% (0/2)" hits="0" number="123">
<conditions>
<condition coverage="0%" number="0" type="jump"/>
</conditions>
</line>
<line branch="false" hits="0" number="124"/>
<line branch="true" condition-coverage="0% (0/2)" hits="0" number="125">
<conditions>
<condition coverage="0%" number="0" type="jump"/>
</conditions>
</line>
<line branch="true" condition-coverage="0% (0/2)" hits="0" number="126">
<conditions>
<condition coverage="0%" number="0" type="jump"/>
</conditions>
</line>
<line branch="false" hits="0" number="127"/>
<line branch="false" hits="0" number="128"/>
<line branch="true" condition-coverage="0% (0/2)" hits="0" number="129">
<conditions>
<condition coverage="0%" number="0" type="jump"/>
</conditions>
</line>
<line branch="true" condition-coverage="0% (0/2)" hits="0" number="130">
<conditions>
<condition coverage="0%" number="0" type="jump"/>
</conditions>
</line>
<line branch="false" hits="0" number="131"/>
<line branch="false" hits="0" number="132"/>
<line branch="false" hits="0" number="134"/>
<line branch="false" hits="257" number="138"/>
<line branch="false" hits="257" number="140"/>
<line branch="true" condition-coverage="50% (1/2)" hits="257" number="141">
<conditions>
<condition coverage="50%" number="0" type="jump"/>
</conditions>
</line>
<line branch="true" condition-coverage="50% (2/4)" hits="329" number="142">
<conditions>
<condition coverage="50%" number="0" type="jump"/>
</conditions>
</line>
</lines>
</class>
<class branch-rate="0.5" complexity="0.0" filename="_build/test_config.hpp" line-rate="1.0" name="test_config_hpp">
<methods/>
<lines>
<line branch="true" condition-coverage="50% (1/2)" hits="15" number="6">
<conditions>
<condition coverage="50%" number="0" type="jump"/>
</conditions>
</line>
</lines>
</class>
<class branch-rate="0.45714285714285713" complexity="0.0" filename="_build/test_gui.moc" line-rate="0.5263157894736842" name="test_gui_moc">
<methods/>
<lines>
<line branch="false" hits="96" number="98"/>
<line branch="true" condition-coverage="50% (1/2)" hits="96" number="100">
<conditions>
<condition coverage="50%" number="0" type="jump"/>
</conditions>
</line>
<line branch="false" hits="96" number="101"/>
<line branch="true" condition-coverage="92% (12/13)" hits="96" number="103">
<conditions>
<condition coverage="92%" number="0" type="jump"/>
</conditions>
</line>
<line branch="false" hits="8" number="104"/>
<line branch="false" hits="8" number="105"/>
<line branch="false" hits="8" number="106"/>
<line branch="false" hits="8" number="107"/>
<line branch="false" hits="8" number="108"/>
<line branch="false" hits="8" number="109"/>
<line branch="false" hits="8" number="110"/>
<line branch="false" hits="8" number="111"/>
<line branch="false" hits="8" number="112"/>
<line branch="false" hits="8" number="113"/>
<line branch="false" hits="8" number="114"/>
<line branch="false" hits="8" number="115"/>
<line branch="false" hits="96" number="120"/>
<line branch="false" hits="392" number="128"/>
<line branch="true" condition-coverage="50% (1/2)" hits="392" number="130">
<conditions>
<condition coverage="50%" number="0" type="jump"/>
</conditions>
</line>
<line branch="false" hits="0" number="133"/>
<line branch="true" condition-coverage="0% (0/2)" hits="0" number="135">
<conditions>
<condition coverage="0%" number="0" type="jump"/>
</conditions>
</line>
<line branch="true" condition-coverage="0% (0/2)" hits="0" number="136">
<conditions>
<condition coverage="0%" number="0" type="jump"/>
</conditions>
</line>
<line branch="false" hits="0" number="137"/>
<line branch="false" hits="0" number="138"/>
<line branch="false" hits="0" number="141"/>
<line branch="false" hits="0" number="143"/>
<line branch="true" condition-coverage="0% (0/2)" hits="0" number="144">
<conditions>
<condition coverage="0%" number="0" type="jump"/>
</conditions>
</line>
<line branch="false" hits="0" number="145"/>
<line branch="true" condition-coverage="0% (0/2)" hits="0" number="146">
<conditions>
<condition coverage="0%" number="0" type="jump"/>
</conditions>
</line>
<line branch="true" condition-coverage="0% (0/2)" hits="0" number="147">
<conditions>
<condition coverage="0%" number="0" type="jump"/>
</conditions>
</line>
<line branch="false" hits="0" number="148"/>
<line branch="false" hits="0" number="149"/>
<line branch="true" condition-coverage="0% (0/2)" hits="0" number="150">
<conditions>
<condition coverage="0%" number="0" type="jump"/>
</conditions>
</line>
<line branch="true" condition-coverage="0% (0/2)" hits="0" number="151">
<conditions>
<condition coverage="0%" number="0" type="jump"/>
</conditions>
</line>
<line branch="false" hits="0" number="152"/>
<line branch="false" hits="0" number="153"/>
<line branch="false" hits="0" number="155"/>
<line branch="true" condition-coverage="50% (2/4)" hits="24" number="156">
<conditions>
<condition coverage="50%" number="0" type="jump"/>
</conditions>
</line>
</lines>
</class>
</classes>
</package>
</packages>
</coverage>

